#
# There is insufficient memory for the Java Runtime Environment to continue.
# Native memory allocation (malloc) failed to allocate 1232544 bytes for Chunk::new
# Possible reasons:
#   The system is out of physical RAM or swap space
#   The process is running with CompressedOops enabled, and the Java Heap may be blocking the growth of the native heap
# Possible solutions:
#   Reduce memory load on the system
#   Increase physical memory or swap space
#   Check if swap backing store is full
#   Decrease Java heap size (-Xmx/-Xms)
#   Decrease number of Java threads
#   Decrease Java thread stack sizes (-Xss)
#   Set larger code cache with -XX:ReservedCodeCacheSize=
#   JVM is running with Unscaled Compressed Oops mode in which the Java heap is
#     placed in the first 4GB address space. The Java Heap base address is the
#     maximum limit for the native heap growth. Please use -XX:HeapBaseMinAddress
#     to set the Java Heap base and to place the Java Heap above 4GB virtual address.
# This output file may be truncated or incomplete.
#
#  Out of Memory Error (arena.cpp:168), pid=21260, tid=20412
#
# JRE version: Java(TM) SE Runtime Environment (21.0.7+8) (build 21.0.7+8-LTS-245)
# Java VM: Java HotSpot(TM) 64-Bit Server VM (21.0.7+8-LTS-245, mixed mode, sharing, tiered, compressed oops, compressed class ptrs, g1 gc, windows-amd64)
# No core dump will be written. Minidumps are not enabled by default on client versions of Windows
#

---------------  S U M M A R Y ------------

Command Line: --add-opens=java.base/java.lang=ALL-UNNAMED --add-opens=java.base/java.lang.invoke=ALL-UNNAMED --add-opens=java.base/java.util=ALL-UNNAMED --add-opens=java.prefs/java.util.prefs=ALL-UNNAMED --add-exports=jdk.compiler/com.sun.tools.javac.api=ALL-UNNAMED --add-exports=jdk.compiler/com.sun.tools.javac.util=ALL-UNNAMED --add-opens=java.base/java.util=ALL-UNNAMED --add-opens=java.prefs/java.util.prefs=ALL-UNNAMED --add-opens=java.base/java.nio.charset=ALL-UNNAMED --add-opens=java.base/java.net=ALL-UNNAMED --add-opens=java.base/java.util.concurrent.atomic=ALL-UNNAMED --add-opens=java.xml/javax.xml.namespace=ALL-UNNAMED -Xmx2048m -Dfile.encoding=UTF-8 -Duser.country=IN -Duser.language=en -Duser.variant -javaagent:C:\Users\np818\.gradle\wrapper\dists\gradle-8.13-bin\5xuhj0ry160q40clulazy9h7d\gradle-8.13\lib\agents\gradle-instrumentation-agent-8.13.jar org.gradle.launcher.daemon.bootstrap.GradleDaemon 8.13

Host: 11th Gen Intel(R) Core(TM) i3-1115G4 @ 3.00GHz, 4 cores, 7G,  Windows 11 , 64 bit Build 26100 (10.0.26100.4768)
Time: Sun Sep  7 01:02:39 2025 India Standard Time elapsed time: 35.529149 seconds (0d 0h 0m 35s)

---------------  T H R E A D  ---------------

Current thread (0x000002296c78b370):  JavaThread "C2 CompilerThread1" daemon [_thread_in_native, id=20412, stack(0x0000006674b00000,0x0000006674c00000) (1024K)]


Current CompileTask:
C2:  35529 15274   !   4       java.nio.file.FileTreeWalker::next (144 bytes)

Stack: [0x0000006674b00000,0x0000006674c00000]
Native frames: (J=compiled Java code, j=interpreted, Vv=VM code, C=native code)
V  [jvm.dll+0x6cae19]
V  [jvm.dll+0x855741]
V  [jvm.dll+0x857c6e]
V  [jvm.dll+0x858343]
V  [jvm.dll+0x27e0b6]
V  [jvm.dll+0xc4ecd]
V  [jvm.dll+0xc5403]
V  [jvm.dll+0x3b578c]
V  [jvm.dll+0x381e25]
V  [jvm.dll+0x38129a]
V  [jvm.dll+0x246b30]
V  [jvm.dll+0x24610f]
V  [jvm.dll+0x1c6efe]
V  [jvm.dll+0x255819]
V  [jvm.dll+0x253daa]
V  [jvm.dll+0x3eebb6]
V  [jvm.dll+0x7ffa1b]
V  [jvm.dll+0x6c94fd]
C  [ucrtbase.dll+0x37b0]
C  [KERNEL32.DLL+0x2e8d7]
C  [ntdll.dll+0x3c34c]


---------------  P R O C E S S  ---------------

Threads class SMR info:
_java_thread_list=0x000002296fa0e7e0, length=88, elements={
0x00000229055b5e30, 0x00000229239dcd10, 0x00000229239de3d0, 0x00000229239e3560,
0x00000229239e5fc0, 0x00000229239e80f0, 0x00000229239eab50, 0x00000229239ed8e0,
0x00000229239f29d0, 0x0000022923a0b660, 0x0000022923d3cc70, 0x000002296a5e89e0,
0x000002296a5d8c30, 0x000002296ab2c490, 0x000002296ad8f890, 0x000002296a6b0390,
0x000002296ad1d4e0, 0x0000022923d86cf0, 0x000002296ad7e490, 0x000002296ad806a0,
0x000002296ad80d30, 0x000002296ad813c0, 0x000002296ad81a50, 0x000002296ad82e00,
0x000002296ad820e0, 0x000002296ad82770, 0x000002296ad7f980, 0x000002296ad80010,
0x000002296dcea1d0, 0x000002296dce6d50, 0x000002296dcea860, 0x000002296dce73e0,
0x000002296dce8790, 0x000002296dce7a70, 0x000002296dceb580, 0x000002296dce8100,
0x000002296dcee370, 0x000002296dcebc10, 0x000002296dcec930, 0x000002296dcecfc0,
0x000002296dced650, 0x000002296e05d2e0, 0x000002296e0600d0, 0x000002296af01a30,
0x000002296af020c0, 0x000002296af05540, 0x000002296af03470, 0x000002296af05bd0,
0x000002296af02750, 0x000002296af03b00, 0x000002296ff33950, 0x000002296ff325a0,
0x000002296ff34d00, 0x000002296ff32c30, 0x000002296ff332c0, 0x000002296ff31f10,
0x000002296d773be0, 0x000002296d773550, 0x000002296d774900, 0x000002296d7769d0,
0x000002296d777060, 0x000002296d775620, 0x000002296d7776f0, 0x000002296d774270,
0x000002296d777d80, 0x000002296d774f90, 0x000002296d778aa0, 0x000002296d779130,
0x000002296d7797c0, 0x000002296d779e50, 0x000002296d77ab70, 0x000002296d77a4e0,
0x000002296ff33fe0, 0x000002296ff34670, 0x000002296ff31880, 0x000002296ff36740,
0x000002296ff36dd0, 0x000002296ff37460, 0x000002296ff37af0, 0x000002296ff38180,
0x000002296ff38810, 0x000002296ca279f0, 0x000002296c78b370, 0x000002296ca25fb0,
0x000002296ca29430, 0x000002296ca26640, 0x000002296ca28710, 0x000002296ca2a150
}

Java Threads: ( => current thread )
  0x00000229055b5e30 JavaThread "main"                              [_thread_blocked, id=2784, stack(0x000000666ee00000,0x000000666ef00000) (1024K)]
  0x00000229239dcd10 JavaThread "Reference Handler"          daemon [_thread_blocked, id=19144, stack(0x000000666f700000,0x000000666f800000) (1024K)]
  0x00000229239de3d0 JavaThread "Finalizer"                  daemon [_thread_blocked, id=19328, stack(0x000000666f800000,0x000000666f900000) (1024K)]
  0x00000229239e3560 JavaThread "Signal Dispatcher"          daemon [_thread_blocked, id=18988, stack(0x000000666f900000,0x000000666fa00000) (1024K)]
  0x00000229239e5fc0 JavaThread "Attach Listener"            daemon [_thread_blocked, id=10148, stack(0x000000666fa00000,0x000000666fb00000) (1024K)]
  0x00000229239e80f0 JavaThread "Service Thread"             daemon [_thread_blocked, id=1144, stack(0x000000666fb00000,0x000000666fc00000) (1024K)]
  0x00000229239eab50 JavaThread "Monitor Deflation Thread"   daemon [_thread_blocked, id=18340, stack(0x000000666fc00000,0x000000666fd00000) (1024K)]
  0x00000229239ed8e0 JavaThread "C2 CompilerThread0"         daemon [_thread_in_native, id=19740, stack(0x000000666fd00000,0x000000666fe00000) (1024K)]
  0x00000229239f29d0 JavaThread "C1 CompilerThread0"         daemon [_thread_blocked, id=11492, stack(0x000000666fe00000,0x000000666ff00000) (1024K)]
  0x0000022923a0b660 JavaThread "Common-Cleaner"             daemon [_thread_blocked, id=18396, stack(0x000000666ff00000,0x0000006670000000) (1024K)]
  0x0000022923d3cc70 JavaThread "Notification Thread"        daemon [_thread_blocked, id=15824, stack(0x0000006670000000,0x0000006670100000) (1024K)]
  0x000002296a5e89e0 JavaThread "Daemon health stats"               [_thread_blocked, id=3584, stack(0x0000006670500000,0x0000006670600000) (1024K)]
  0x000002296a5d8c30 JavaThread "Incoming local TCP Connector on port 62998"        [_thread_in_native, id=6644, stack(0x0000006670600000,0x0000006670700000) (1024K)]
  0x000002296ab2c490 JavaThread "Daemon periodic checks"            [_thread_blocked, id=20764, stack(0x0000006670700000,0x0000006670800000) (1024K)]
  0x000002296ad8f890 JavaThread "Daemon"                            [_thread_blocked, id=11240, stack(0x0000006670800000,0x0000006670900000) (1024K)]
  0x000002296a6b0390 JavaThread "Handler for socket connection from /127.0.0.1:62998 to /127.0.0.1:62999"        [_thread_in_native, id=17604, stack(0x0000006670900000,0x0000006670a00000) (1024K)]
  0x000002296ad1d4e0 JavaThread "Cancel handler"                    [_thread_blocked, id=16712, stack(0x0000006670a00000,0x0000006670b00000) (1024K)]
  0x0000022923d86cf0 JavaThread "Daemon worker"                     [_thread_blocked, id=6880, stack(0x0000006670300000,0x0000006670400000) (1024K)]
  0x000002296ad7e490 JavaThread "Asynchronous log dispatcher for DefaultDaemonConnection: socket connection from /127.0.0.1:62998 to /127.0.0.1:62999"        [_thread_blocked, id=15548, stack(0x0000006670b00000,0x0000006670c00000) (1024K)]
  0x000002296ad806a0 JavaThread "Stdin handler"                     [_thread_blocked, id=21552, stack(0x0000006670c00000,0x0000006670d00000) (1024K)]
  0x000002296ad80d30 JavaThread "Daemon client event forwarder"        [_thread_blocked, id=19632, stack(0x0000006670d00000,0x0000006670e00000) (1024K)]
  0x000002296ad813c0 JavaThread "Cache worker for journal cache (C:\Users\np818\.gradle\caches\journal-1)"        [_thread_blocked, id=15784, stack(0x0000006670e00000,0x0000006670f00000) (1024K)]
  0x000002296ad81a50 JavaThread "File lock request listener"        [_thread_in_native, id=14884, stack(0x0000006670f00000,0x0000006671000000) (1024K)]
  0x000002296ad82e00 JavaThread "Cache worker for file hash cache (C:\Users\np818\.gradle\caches\8.13\fileHashes)"        [_thread_blocked, id=21732, stack(0x0000006671000000,0x0000006671100000) (1024K)]
  0x000002296ad820e0 JavaThread "Cache worker for file hash cache (C:\Users\np818\AndroidStudioProjects\banniguard\.gradle\8.13\fileHashes)"        [_thread_blocked, id=21796, stack(0x0000006671200000,0x0000006671300000) (1024K)]
  0x000002296ad82770 JavaThread "Cache worker for Build Output Cleanup Cache (C:\Users\np818\AndroidStudioProjects\banniguard\.gradle\buildOutputCleanup)"        [_thread_blocked, id=16984, stack(0x0000006671300000,0x0000006671400000) (1024K)]
  0x000002296ad7f980 JavaThread "File watcher server"        daemon [_thread_in_native, id=14540, stack(0x0000006671400000,0x0000006671500000) (1024K)]
  0x000002296ad80010 JavaThread "File watcher consumer"      daemon [_thread_blocked, id=22304, stack(0x0000006671500000,0x0000006671600000) (1024K)]
  0x000002296dcea1d0 JavaThread "Cache worker for checksums cache (C:\Users\np818\AndroidStudioProjects\banniguard\.gradle\8.13\checksums)"        [_thread_blocked, id=19580, stack(0x0000006671600000,0x0000006671700000) (1024K)]
  0x000002296dce6d50 JavaThread "Cache worker for file content cache (C:\Users\np818\.gradle\caches\8.13\fileContent)"        [_thread_blocked, id=20264, stack(0x0000006671700000,0x0000006671800000) (1024K)]
  0x000002296dcea860 JavaThread "Cache worker for cache directory md-supplier (C:\Users\np818\.gradle\caches\8.13\md-supplier)"        [_thread_blocked, id=9440, stack(0x0000006671800000,0x0000006671900000) (1024K)]
  0x000002296dce73e0 JavaThread "Cache worker for cache directory md-rule (C:\Users\np818\.gradle\caches\8.13\md-rule)"        [_thread_blocked, id=20428, stack(0x0000006671900000,0x0000006671a00000) (1024K)]
  0x000002296dce8790 JavaThread "Unconstrained build operations"        [_thread_blocked, id=3116, stack(0x0000006671100000,0x0000006671200000) (1024K)]
  0x000002296dce7a70 JavaThread "Unconstrained build operations Thread 2"        [_thread_blocked, id=19944, stack(0x0000006671a00000,0x0000006671b00000) (1024K)]
  0x000002296dceb580 JavaThread "Unconstrained build operations Thread 3"        [_thread_blocked, id=19260, stack(0x0000006671b00000,0x0000006671c00000) (1024K)]
  0x000002296dce8100 JavaThread "Unconstrained build operations Thread 4"        [_thread_blocked, id=9372, stack(0x0000006671c00000,0x0000006671d00000) (1024K)]
  0x000002296dcee370 JavaThread "Unconstrained build operations Thread 5"        [_thread_blocked, id=19480, stack(0x0000006671d00000,0x0000006671e00000) (1024K)]
  0x000002296dcebc10 JavaThread "Unconstrained build operations Thread 6"        [_thread_blocked, id=12960, stack(0x0000006671e00000,0x0000006671f00000) (1024K)]
  0x000002296dcec930 JavaThread "Unconstrained build operations Thread 7"        [_thread_blocked, id=1576, stack(0x0000006671f00000,0x0000006672000000) (1024K)]
  0x000002296dcecfc0 JavaThread "Unconstrained build operations Thread 8"        [_thread_blocked, id=22504, stack(0x0000006672000000,0x0000006672100000) (1024K)]
  0x000002296dced650 JavaThread "Unconstrained build operations Thread 9"        [_thread_blocked, id=1644, stack(0x0000006672100000,0x0000006672200000) (1024K)]
  0x000002296e05d2e0 JavaThread "Memory manager"                    [_thread_blocked, id=15276, stack(0x0000006672300000,0x0000006672400000) (1024K)]
  0x000002296e0600d0 JavaThread "build event listener"              [_thread_blocked, id=21520, stack(0x0000006672400000,0x0000006672500000) (1024K)]
  0x000002296af01a30 JavaThread "pool-3-thread-1"                   [_thread_blocked, id=21416, stack(0x0000006672200000,0x0000006672300000) (1024K)]
  0x000002296af020c0 JavaThread "build event listener"              [_thread_blocked, id=17144, stack(0x0000006672500000,0x0000006672600000) (1024K)]
  0x000002296af05540 JavaThread "included builds"                   [_thread_blocked, id=20840, stack(0x0000006672600000,0x0000006672700000) (1024K)]
  0x000002296af03470 JavaThread "Execution worker"                  [_thread_blocked, id=18816, stack(0x0000006672700000,0x0000006672800000) (1024K)]
  0x000002296af05bd0 JavaThread "Execution worker Thread 2"         [_thread_blocked, id=21560, stack(0x0000006672800000,0x0000006672900000) (1024K)]
  0x000002296af02750 JavaThread "Execution worker Thread 3"         [_thread_blocked, id=748, stack(0x0000006672900000,0x0000006672a00000) (1024K)]
  0x000002296af03b00 JavaThread "Cache worker for execution history cache (C:\Users\np818\AndroidStudioProjects\banniguard\.gradle\8.13\executionHistory)"        [_thread_blocked, id=17768, stack(0x0000006672a00000,0x0000006672b00000) (1024K)]
  0x000002296ff33950 JavaThread "Unconstrained build operations Thread 10"        [_thread_blocked, id=21440, stack(0x0000006672b00000,0x0000006672c00000) (1024K)]
  0x000002296ff325a0 JavaThread "Unconstrained build operations Thread 11"        [_thread_blocked, id=16168, stack(0x0000006672c00000,0x0000006672d00000) (1024K)]
  0x000002296ff34d00 JavaThread "Unconstrained build operations Thread 12"        [_thread_blocked, id=18760, stack(0x0000006672d00000,0x0000006672e00000) (1024K)]
  0x000002296ff32c30 JavaThread "Unconstrained build operations Thread 13"        [_thread_blocked, id=18464, stack(0x0000006672e00000,0x0000006672f00000) (1024K)]
  0x000002296ff332c0 JavaThread "Unconstrained build operations Thread 14"        [_thread_blocked, id=15832, stack(0x0000006672f00000,0x0000006673000000) (1024K)]
  0x000002296ff31f10 JavaThread "Unconstrained build operations Thread 15"        [_thread_blocked, id=15284, stack(0x0000006673000000,0x0000006673100000) (1024K)]
  0x000002296d773be0 JavaThread "Unconstrained build operations Thread 16"        [_thread_blocked, id=6056, stack(0x0000006673200000,0x0000006673300000) (1024K)]
  0x000002296d773550 JavaThread "Unconstrained build operations Thread 17"        [_thread_blocked, id=18868, stack(0x0000006673300000,0x0000006673400000) (1024K)]
  0x000002296d774900 JavaThread "Unconstrained build operations Thread 18"        [_thread_blocked, id=22000, stack(0x0000006673400000,0x0000006673500000) (1024K)]
  0x000002296d7769d0 JavaThread "Unconstrained build operations Thread 19"        [_thread_blocked, id=16104, stack(0x0000006673500000,0x0000006673600000) (1024K)]
  0x000002296d777060 JavaThread "Unconstrained build operations Thread 20"        [_thread_blocked, id=21752, stack(0x0000006673600000,0x0000006673700000) (1024K)]
  0x000002296d775620 JavaThread "Unconstrained build operations Thread 21"        [_thread_blocked, id=19360, stack(0x0000006673700000,0x0000006673800000) (1024K)]
  0x000002296d7776f0 JavaThread "Unconstrained build operations Thread 22"        [_thread_blocked, id=21280, stack(0x0000006673800000,0x0000006673900000) (1024K)]
  0x000002296d774270 JavaThread "Unconstrained build operations Thread 23"        [_thread_blocked, id=22356, stack(0x0000006673900000,0x0000006673a00000) (1024K)]
  0x000002296d777d80 JavaThread "Unconstrained build operations Thread 24"        [_thread_blocked, id=21216, stack(0x0000006673a00000,0x0000006673b00000) (1024K)]
  0x000002296d774f90 JavaThread "Unconstrained build operations Thread 25"        [_thread_blocked, id=20124, stack(0x0000006673b00000,0x0000006673c00000) (1024K)]
  0x000002296d778aa0 JavaThread "Unconstrained build operations Thread 26"        [_thread_blocked, id=22320, stack(0x0000006673c00000,0x0000006673d00000) (1024K)]
  0x000002296d779130 JavaThread "Unconstrained build operations Thread 27"        [_thread_blocked, id=8016, stack(0x0000006673d00000,0x0000006673e00000) (1024K)]
  0x000002296d7797c0 JavaThread "Unconstrained build operations Thread 28"        [_thread_blocked, id=9964, stack(0x0000006673e00000,0x0000006673f00000) (1024K)]
  0x000002296d779e50 JavaThread "Unconstrained build operations Thread 29"        [_thread_blocked, id=17952, stack(0x0000006673f00000,0x0000006674000000) (1024K)]
  0x000002296d77ab70 JavaThread "Unconstrained build operations Thread 30"        [_thread_blocked, id=20720, stack(0x0000006674000000,0x0000006674100000) (1024K)]
  0x000002296d77a4e0 JavaThread "Unconstrained build operations Thread 31"        [_thread_blocked, id=14924, stack(0x0000006674100000,0x0000006674200000) (1024K)]
  0x000002296ff33fe0 JavaThread "Unconstrained build operations Thread 32"        [_thread_blocked, id=21204, stack(0x0000006674200000,0x0000006674300000) (1024K)]
  0x000002296ff34670 JavaThread "Unconstrained build operations Thread 33"        [_thread_blocked, id=9508, stack(0x0000006674300000,0x0000006674400000) (1024K)]
  0x000002296ff31880 JavaThread "Unconstrained build operations Thread 34"        [_thread_blocked, id=20660, stack(0x0000006674400000,0x0000006674500000) (1024K)]
  0x000002296ff36740 JavaThread "Unconstrained build operations Thread 35"        [_thread_blocked, id=19708, stack(0x0000006674500000,0x0000006674600000) (1024K)]
  0x000002296ff36dd0 JavaThread "Unconstrained build operations Thread 36"        [_thread_blocked, id=5964, stack(0x0000006674600000,0x0000006674700000) (1024K)]
  0x000002296ff37460 JavaThread "Unconstrained build operations Thread 37"        [_thread_blocked, id=18640, stack(0x0000006674700000,0x0000006674800000) (1024K)]
  0x000002296ff37af0 JavaThread "Unconstrained build operations Thread 38"        [_thread_blocked, id=14080, stack(0x0000006674800000,0x0000006674900000) (1024K)]
  0x000002296ff38180 JavaThread "Unconstrained build operations Thread 39"        [_thread_blocked, id=20628, stack(0x0000006674900000,0x0000006674a00000) (1024K)]
  0x000002296ff38810 JavaThread "Unconstrained build operations Thread 40"        [_thread_blocked, id=6964, stack(0x0000006674a00000,0x0000006674b00000) (1024K)]
  0x000002296ca279f0 JavaThread "WorkerExecutor Queue"              [_thread_in_vm, id=20776, stack(0x0000006673100000,0x0000006673200000) (1024K)]
=>0x000002296c78b370 JavaThread "C2 CompilerThread1"         daemon [_thread_in_native, id=20412, stack(0x0000006674b00000,0x0000006674c00000) (1024K)]
  0x000002296ca25fb0 JavaThread "RMI Scheduler(0)"           daemon [_thread_blocked, id=5580, stack(0x0000006674c00000,0x0000006674d00000) (1024K)]
  0x000002296ca29430 JavaThread "RMI RenewClean-[127.0.0.1:17535,org.jetbrains.kotlin.daemon.common.LoopbackNetworkInterface$ClientLoopbackSocketFactory@3ca5cc0e]" daemon [_thread_blocked, id=13204, stack(0x0000006674d00000,0x0000006674e00000) (1024K)]
  0x000002296ca26640 JavaThread "RMI GC Daemon"              daemon [_thread_blocked, id=17044, stack(0x0000006674e00000,0x0000006674f00000) (1024K)]
  0x000002296ca28710 JavaThread "RMI TCP Accept-0"           daemon [_thread_in_native, id=20488, stack(0x0000006674f00000,0x0000006675000000) (1024K)]
  0x000002296ca2a150 JavaThread "RMI Reaper"                        [_thread_blocked, id=3300, stack(0x0000006675000000,0x0000006675100000) (1024K)]
Total: 88

Other Threads:
  0x00000229239bacb0 VMThread "VM Thread"                           [id=1264, stack(0x000000666f600000,0x000000666f700000) (1024K)]
  0x00000229239aaf70 WatcherThread "VM Periodic Task Thread"        [id=8256, stack(0x000000666f500000,0x000000666f600000) (1024K)]
  0x00000229078e1a30 WorkerThread "GC Thread#0"                     [id=16548, stack(0x000000666f000000,0x000000666f100000) (1024K)]
  0x0000022923d85670 WorkerThread "GC Thread#1"                     [id=16520, stack(0x0000006670100000,0x0000006670200000) (1024K)]
  0x0000022923e30060 WorkerThread "GC Thread#2"                     [id=15100, stack(0x0000006670200000,0x0000006670300000) (1024K)]
  0x0000022923f15a30 WorkerThread "GC Thread#3"                     [id=6704, stack(0x0000006670400000,0x0000006670500000) (1024K)]
  0x00000229078f27c0 ConcurrentGCThread "G1 Main Marker"            [id=8480, stack(0x000000666f100000,0x000000666f200000) (1024K)]
  0x00000229078f3070 WorkerThread "G1 Conc#0"                       [id=20396, stack(0x000000666f200000,0x000000666f300000) (1024K)]
  0x000002292387b110 ConcurrentGCThread "G1 Refine#0"               [id=20948, stack(0x000000666f300000,0x000000666f400000) (1024K)]
  0x000002292387d940 ConcurrentGCThread "G1 Service"                [id=16588, stack(0x000000666f400000,0x000000666f500000) (1024K)]
Total: 10

Threads with active compile tasks:
C2 CompilerThread0    35565 15286       4       org.gradle.api.internal.artifacts.transform.TransformingAsyncArtifactListener$TransformedArtifact::startFinalization (15 bytes)
C2 CompilerThread1    35566 15274   !   4       java.nio.file.FileTreeWalker::next (144 bytes)
Total: 2

VM state: not at safepoint (normal execution)

VM Mutex/Monitor currently owned by a thread: None

Heap address: 0x0000000080000000, size: 2048 MB, Compressed Oops mode: 32-bit

CDS archive(s) mapped at: [0x0000022924000000-0x0000022924c90000-0x0000022924c90000), size 13172736, SharedBaseAddress: 0x0000022924000000, ArchiveRelocationMode: 1.
Compressed class space mapped at: 0x0000022925000000-0x0000022965000000, reserved size: 1073741824
Narrow klass base: 0x0000022924000000, Narrow klass shift: 0, Narrow klass range: 0x100000000

GC Precious Log:
 CardTable entry size: 512
 Card Set container configuration: InlinePtr #cards 5 size 8 Array Of Cards #cards 12 size 40 Howl #buckets 4 coarsen threshold 1843 Howl Bitmap #cards 512 size 80 coarsen threshold 460 Card regions per heap region 1 cards per card region 2048
 CPUs: 4 total, 4 available
 Memory: 7834M
 Large Page Support: Disabled
 NUMA Support: Disabled
 Compressed Oops: Enabled (32-bit)
 Heap Region Size: 1M
 Heap Min Capacity: 8M
 Heap Initial Capacity: 124M
 Heap Max Capacity: 2G
 Pre-touch: Disabled
 Parallel Workers: 4
 Concurrent Workers: 1
 Concurrent Refinement Workers: 4
 Periodic GC: Disabled

Heap:
 garbage-first heap   total 245760K, used 173506K [0x0000000080000000, 0x0000000100000000)
  region size 1024K, 49 young (50176K), 8 survivors (8192K)
 Metaspace       used 108440K, committed 110912K, reserved 1179648K
  class space    used 14763K, committed 16000K, reserved 1048576K

Heap Regions: E=young(eden), S=young(survivor), O=old, HS=humongous(starts), HC=humongous(continues), CS=collection set, F=free, TAMS=top-at-mark-start, PB=parsable bottom
|   0|0x0000000080000000, 0x0000000080100000, 0x0000000080100000|100%|HS|  |TAMS 0x0000000080000000| PB 0x0000000080000000| Complete 
|   1|0x0000000080100000, 0x0000000080200000, 0x0000000080200000|100%|HC|  |TAMS 0x0000000080100000| PB 0x0000000080100000| Complete 
|   2|0x0000000080200000, 0x0000000080300000, 0x0000000080300000|100%|HC|  |TAMS 0x0000000080200000| PB 0x0000000080200000| Complete 
|   3|0x0000000080300000, 0x0000000080400000, 0x0000000080400000|100%| O|  |TAMS 0x0000000080300000| PB 0x0000000080300000| Untracked 
|   4|0x0000000080400000, 0x0000000080500000, 0x0000000080500000|100%| O|  |TAMS 0x0000000080400000| PB 0x0000000080400000| Untracked 
|   5|0x0000000080500000, 0x0000000080600000, 0x0000000080600000|100%| O|  |TAMS 0x0000000080500000| PB 0x0000000080500000| Untracked 
|   6|0x0000000080600000, 0x0000000080700000, 0x0000000080700000|100%| O|  |TAMS 0x0000000080600000| PB 0x0000000080600000| Untracked 
|   7|0x0000000080700000, 0x0000000080800000, 0x0000000080800000|100%|HS|  |TAMS 0x0000000080700000| PB 0x0000000080700000| Complete 
|   8|0x0000000080800000, 0x0000000080900000, 0x0000000080900000|100%| O|  |TAMS 0x0000000080800000| PB 0x0000000080800000| Untracked 
|   9|0x0000000080900000, 0x0000000080a00000, 0x0000000080a00000|100%| O|  |TAMS 0x0000000080900000| PB 0x0000000080900000| Untracked 
|  10|0x0000000080a00000, 0x0000000080b00000, 0x0000000080b00000|100%| O|  |TAMS 0x0000000080a00000| PB 0x0000000080a00000| Untracked 
|  11|0x0000000080b00000, 0x0000000080c00000, 0x0000000080c00000|100%| O|  |TAMS 0x0000000080b00000| PB 0x0000000080b00000| Untracked 
|  12|0x0000000080c00000, 0x0000000080d00000, 0x0000000080d00000|100%| O|  |TAMS 0x0000000080c00000| PB 0x0000000080c00000| Untracked 
|  13|0x0000000080d00000, 0x0000000080e00000, 0x0000000080e00000|100%| O|  |TAMS 0x0000000080d00000| PB 0x0000000080d00000| Untracked 
|  14|0x0000000080e00000, 0x0000000080f00000, 0x0000000080f00000|100%| O|  |TAMS 0x0000000080e00000| PB 0x0000000080e00000| Untracked 
|  15|0x0000000080f00000, 0x0000000081000000, 0x0000000081000000|100%| O|  |TAMS 0x0000000080f00000| PB 0x0000000080f00000| Untracked 
|  16|0x0000000081000000, 0x0000000081100000, 0x0000000081100000|100%| O|  |TAMS 0x0000000081000000| PB 0x0000000081000000| Untracked 
|  17|0x0000000081100000, 0x0000000081200000, 0x0000000081200000|100%| O|  |TAMS 0x0000000081100000| PB 0x0000000081100000| Untracked 
|  18|0x0000000081200000, 0x0000000081300000, 0x0000000081300000|100%| O|  |TAMS 0x0000000081200000| PB 0x0000000081200000| Untracked 
|  19|0x0000000081300000, 0x0000000081400000, 0x0000000081400000|100%| O|  |TAMS 0x0000000081300000| PB 0x0000000081300000| Untracked 
|  20|0x0000000081400000, 0x0000000081500000, 0x0000000081500000|100%| O|  |TAMS 0x0000000081400000| PB 0x0000000081400000| Untracked 
|  21|0x0000000081500000, 0x0000000081600000, 0x0000000081600000|100%| O|  |TAMS 0x0000000081500000| PB 0x0000000081500000| Untracked 
|  22|0x0000000081600000, 0x0000000081700000, 0x0000000081700000|100%| O|  |TAMS 0x0000000081600000| PB 0x0000000081600000| Untracked 
|  23|0x0000000081700000, 0x0000000081800000, 0x0000000081800000|100%| O|  |TAMS 0x0000000081700000| PB 0x0000000081700000| Untracked 
|  24|0x0000000081800000, 0x0000000081900000, 0x0000000081900000|100%| O|  |TAMS 0x0000000081800000| PB 0x0000000081800000| Untracked 
|  25|0x0000000081900000, 0x0000000081a00000, 0x0000000081a00000|100%| O|  |TAMS 0x0000000081900000| PB 0x0000000081900000| Untracked 
|  26|0x0000000081a00000, 0x0000000081b00000, 0x0000000081b00000|100%| O|  |TAMS 0x0000000081a00000| PB 0x0000000081a00000| Untracked 
|  27|0x0000000081b00000, 0x0000000081c00000, 0x0000000081c00000|100%| O|  |TAMS 0x0000000081b00000| PB 0x0000000081b00000| Untracked 
|  28|0x0000000081c00000, 0x0000000081d00000, 0x0000000081d00000|100%| O|  |TAMS 0x0000000081c00000| PB 0x0000000081c00000| Untracked 
|  29|0x0000000081d00000, 0x0000000081e00000, 0x0000000081e00000|100%| O|  |TAMS 0x0000000081d00000| PB 0x0000000081d00000| Untracked 
|  30|0x0000000081e00000, 0x0000000081f00000, 0x0000000081f00000|100%| O|  |TAMS 0x0000000081e00000| PB 0x0000000081e00000| Untracked 
|  31|0x0000000081f00000, 0x0000000082000000, 0x0000000082000000|100%| O|  |TAMS 0x0000000081f00000| PB 0x0000000081f00000| Untracked 
|  32|0x0000000082000000, 0x0000000082100000, 0x0000000082100000|100%| O|  |TAMS 0x0000000082000000| PB 0x0000000082000000| Untracked 
|  33|0x0000000082100000, 0x0000000082200000, 0x0000000082200000|100%| O|  |TAMS 0x0000000082100000| PB 0x0000000082100000| Untracked 
|  34|0x0000000082200000, 0x0000000082300000, 0x0000000082300000|100%| O|  |TAMS 0x0000000082200000| PB 0x0000000082200000| Untracked 
|  35|0x0000000082300000, 0x0000000082400000, 0x0000000082400000|100%| O|  |TAMS 0x0000000082300000| PB 0x0000000082300000| Untracked 
|  36|0x0000000082400000, 0x0000000082500000, 0x0000000082500000|100%| O|  |TAMS 0x0000000082400000| PB 0x0000000082400000| Untracked 
|  37|0x0000000082500000, 0x0000000082600000, 0x0000000082600000|100%| O|  |TAMS 0x0000000082500000| PB 0x0000000082500000| Untracked 
|  38|0x0000000082600000, 0x0000000082700000, 0x0000000082700000|100%| O|  |TAMS 0x0000000082600000| PB 0x0000000082600000| Untracked 
|  39|0x0000000082700000, 0x0000000082800000, 0x0000000082800000|100%| O|Cm|TAMS 0x0000000082700000| PB 0x0000000082700000| Complete 
|  40|0x0000000082800000, 0x0000000082900000, 0x0000000082900000|100%| O|  |TAMS 0x0000000082800000| PB 0x0000000082800000| Untracked 
|  41|0x0000000082900000, 0x0000000082a00000, 0x0000000082a00000|100%|HS|  |TAMS 0x0000000082900000| PB 0x0000000082900000| Complete 
|  42|0x0000000082a00000, 0x0000000082b00000, 0x0000000082b00000|100%| O|  |TAMS 0x0000000082a00000| PB 0x0000000082a00000| Untracked 
|  43|0x0000000082b00000, 0x0000000082c00000, 0x0000000082c00000|100%| O|Cm|TAMS 0x0000000082b00000| PB 0x0000000082b00000| Complete 
|  44|0x0000000082c00000, 0x0000000082d00000, 0x0000000082d00000|100%| O|  |TAMS 0x0000000082c00000| PB 0x0000000082c00000| Untracked 
|  45|0x0000000082d00000, 0x0000000082e00000, 0x0000000082e00000|100%| O|  |TAMS 0x0000000082d00000| PB 0x0000000082d00000| Untracked 
|  46|0x0000000082e00000, 0x0000000082f00000, 0x0000000082f00000|100%| O|  |TAMS 0x0000000082e00000| PB 0x0000000082e00000| Untracked 
|  47|0x0000000082f00000, 0x0000000083000000, 0x0000000083000000|100%| O|  |TAMS 0x0000000082f00000| PB 0x0000000082f00000| Untracked 
|  48|0x0000000083000000, 0x0000000083100000, 0x0000000083100000|100%|HS|  |TAMS 0x0000000083000000| PB 0x0000000083000000| Complete 
|  49|0x0000000083100000, 0x0000000083200000, 0x0000000083200000|100%|HS|  |TAMS 0x0000000083100000| PB 0x0000000083100000| Complete 
|  50|0x0000000083200000, 0x0000000083300000, 0x0000000083300000|100%|HC|  |TAMS 0x0000000083200000| PB 0x0000000083200000| Complete 
|  51|0x0000000083300000, 0x0000000083400000, 0x0000000083400000|100%|HS|  |TAMS 0x0000000083300000| PB 0x0000000083300000| Complete 
|  52|0x0000000083400000, 0x0000000083500000, 0x0000000083500000|100%|HC|  |TAMS 0x0000000083400000| PB 0x0000000083400000| Complete 
|  53|0x0000000083500000, 0x0000000083600000, 0x0000000083600000|100%|HS|  |TAMS 0x0000000083500000| PB 0x0000000083500000| Complete 
|  54|0x0000000083600000, 0x0000000083700000, 0x0000000083700000|100%| O|  |TAMS 0x0000000083600000| PB 0x0000000083600000| Untracked 
|  55|0x0000000083700000, 0x0000000083800000, 0x0000000083800000|100%| O|  |TAMS 0x0000000083700000| PB 0x0000000083700000| Untracked 
|  56|0x0000000083800000, 0x0000000083900000, 0x0000000083900000|100%| O|  |TAMS 0x0000000083800000| PB 0x0000000083800000| Untracked 
|  57|0x0000000083900000, 0x0000000083a00000, 0x0000000083a00000|100%|HS|  |TAMS 0x0000000083900000| PB 0x0000000083900000| Complete 
|  58|0x0000000083a00000, 0x0000000083b00000, 0x0000000083b00000|100%|HC|  |TAMS 0x0000000083a00000| PB 0x0000000083a00000| Complete 
|  59|0x0000000083b00000, 0x0000000083c00000, 0x0000000083c00000|100%|HC|  |TAMS 0x0000000083b00000| PB 0x0000000083b00000| Complete 
|  60|0x0000000083c00000, 0x0000000083d00000, 0x0000000083d00000|100%|HS|  |TAMS 0x0000000083c00000| PB 0x0000000083c00000| Complete 
|  61|0x0000000083d00000, 0x0000000083e00000, 0x0000000083e00000|100%|HS|  |TAMS 0x0000000083d00000| PB 0x0000000083d00000| Complete 
|  62|0x0000000083e00000, 0x0000000083f00000, 0x0000000083f00000|100%| O|  |TAMS 0x0000000083e00000| PB 0x0000000083e00000| Untracked 
|  63|0x0000000083f00000, 0x0000000084000000, 0x0000000084000000|100%|HS|  |TAMS 0x0000000083f00000| PB 0x0000000083f00000| Complete 
|  64|0x0000000084000000, 0x0000000084100000, 0x0000000084100000|100%| O|  |TAMS 0x0000000084000000| PB 0x0000000084000000| Untracked 
|  65|0x0000000084100000, 0x0000000084200000, 0x0000000084200000|100%| O|  |TAMS 0x0000000084100000| PB 0x0000000084100000| Untracked 
|  66|0x0000000084200000, 0x0000000084300000, 0x0000000084300000|100%| O|  |TAMS 0x0000000084200000| PB 0x0000000084200000| Untracked 
|  67|0x0000000084300000, 0x0000000084400000, 0x0000000084400000|100%| O|  |TAMS 0x0000000084300000| PB 0x0000000084300000| Untracked 
|  68|0x0000000084400000, 0x0000000084500000, 0x0000000084500000|100%| O|  |TAMS 0x0000000084400000| PB 0x0000000084400000| Untracked 
|  69|0x0000000084500000, 0x0000000084600000, 0x0000000084600000|100%| O|  |TAMS 0x0000000084500000| PB 0x0000000084500000| Untracked 
|  70|0x0000000084600000, 0x0000000084700000, 0x0000000084700000|100%| O|  |TAMS 0x0000000084600000| PB 0x0000000084600000| Untracked 
|  71|0x0000000084700000, 0x0000000084800000, 0x0000000084800000|100%| O|  |TAMS 0x0000000084700000| PB 0x0000000084700000| Untracked 
|  72|0x0000000084800000, 0x0000000084900000, 0x0000000084900000|100%| O|  |TAMS 0x0000000084800000| PB 0x0000000084800000| Untracked 
|  73|0x0000000084900000, 0x0000000084a00000, 0x0000000084a00000|100%| O|  |TAMS 0x0000000084900000| PB 0x0000000084900000| Untracked 
|  74|0x0000000084a00000, 0x0000000084b00000, 0x0000000084b00000|100%|HS|  |TAMS 0x0000000084a00000| PB 0x0000000084a00000| Complete 
|  75|0x0000000084b00000, 0x0000000084c00000, 0x0000000084c00000|100%| O|  |TAMS 0x0000000084b00000| PB 0x0000000084b00000| Untracked 
|  76|0x0000000084c00000, 0x0000000084d00000, 0x0000000084d00000|100%| O|  |TAMS 0x0000000084c00000| PB 0x0000000084c00000| Untracked 
|  77|0x0000000084d00000, 0x0000000084e00000, 0x0000000084e00000|100%| O|  |TAMS 0x0000000084d00000| PB 0x0000000084d00000| Untracked 
|  78|0x0000000084e00000, 0x0000000084f00000, 0x0000000084f00000|100%| O|  |TAMS 0x0000000084e00000| PB 0x0000000084e00000| Untracked 
|  79|0x0000000084f00000, 0x0000000085000000, 0x0000000085000000|100%| O|  |TAMS 0x0000000084f00000| PB 0x0000000084f00000| Untracked 
|  80|0x0000000085000000, 0x0000000085100000, 0x0000000085100000|100%| O|  |TAMS 0x0000000085000000| PB 0x0000000085000000| Untracked 
|  81|0x0000000085100000, 0x0000000085200000, 0x0000000085200000|100%|HS|  |TAMS 0x0000000085100000| PB 0x0000000085100000| Complete 
|  82|0x0000000085200000, 0x0000000085300000, 0x0000000085300000|100%|HC|  |TAMS 0x0000000085200000| PB 0x0000000085200000| Complete 
|  83|0x0000000085300000, 0x0000000085400000, 0x0000000085400000|100%|HC|  |TAMS 0x0000000085300000| PB 0x0000000085300000| Complete 
|  84|0x0000000085400000, 0x0000000085500000, 0x0000000085500000|100%| O|  |TAMS 0x0000000085400000| PB 0x0000000085400000| Untracked 
|  85|0x0000000085500000, 0x0000000085600000, 0x0000000085600000|100%| O|Cm|TAMS 0x0000000085500000| PB 0x0000000085500000| Complete 
|  86|0x0000000085600000, 0x0000000085700000, 0x0000000085700000|100%| O|  |TAMS 0x0000000085600000| PB 0x0000000085600000| Untracked 
|  87|0x0000000085700000, 0x0000000085800000, 0x0000000085800000|100%| O|  |TAMS 0x0000000085700000| PB 0x0000000085700000| Untracked 
|  88|0x0000000085800000, 0x0000000085900000, 0x0000000085900000|100%| O|  |TAMS 0x0000000085800000| PB 0x0000000085800000| Untracked 
|  89|0x0000000085900000, 0x0000000085a00000, 0x0000000085a00000|100%| O|  |TAMS 0x0000000085900000| PB 0x0000000085900000| Untracked 
|  90|0x0000000085a00000, 0x0000000085b00000, 0x0000000085b00000|100%| O|  |TAMS 0x0000000085a00000| PB 0x0000000085a00000| Untracked 
|  91|0x0000000085b00000, 0x0000000085c00000, 0x0000000085c00000|100%| O|  |TAMS 0x0000000085b00000| PB 0x0000000085b00000| Untracked 
|  92|0x0000000085c00000, 0x0000000085d00000, 0x0000000085d00000|100%| O|  |TAMS 0x0000000085c00000| PB 0x0000000085c00000| Untracked 
|  93|0x0000000085d00000, 0x0000000085d00000, 0x0000000085e00000|  0%| F|  |TAMS 0x0000000085d00000| PB 0x0000000085d00000| Untracked 
|  94|0x0000000085e00000, 0x0000000085f00000, 0x0000000085f00000|100%| O|  |TAMS 0x0000000085e00000| PB 0x0000000085e00000| Untracked 
|  95|0x0000000085f00000, 0x0000000086000000, 0x0000000086000000|100%| O|  |TAMS 0x0000000085f00000| PB 0x0000000085f00000| Untracked 
|  96|0x0000000086000000, 0x0000000086000000, 0x0000000086100000|  0%| F|  |TAMS 0x0000000086000000| PB 0x0000000086000000| Untracked 
|  97|0x0000000086100000, 0x0000000086200000, 0x0000000086200000|100%| O|  |TAMS 0x0000000086100000| PB 0x0000000086100000| Untracked 
|  98|0x0000000086200000, 0x0000000086300000, 0x0000000086300000|100%| O|  |TAMS 0x0000000086200000| PB 0x0000000086200000| Untracked 
|  99|0x0000000086300000, 0x0000000086400000, 0x0000000086400000|100%| O|  |TAMS 0x0000000086300000| PB 0x0000000086300000| Untracked 
| 100|0x0000000086400000, 0x0000000086500000, 0x0000000086500000|100%| O|  |TAMS 0x0000000086400000| PB 0x0000000086400000| Untracked 
| 101|0x0000000086500000, 0x0000000086600000, 0x0000000086600000|100%| O|  |TAMS 0x0000000086500000| PB 0x0000000086500000| Untracked 
| 102|0x0000000086600000, 0x0000000086700000, 0x0000000086700000|100%| O|  |TAMS 0x0000000086600000| PB 0x0000000086600000| Untracked 
| 103|0x0000000086700000, 0x0000000086800000, 0x0000000086800000|100%| O|  |TAMS 0x0000000086700000| PB 0x0000000086700000| Untracked 
| 104|0x0000000086800000, 0x0000000086900000, 0x0000000086900000|100%| O|  |TAMS 0x0000000086800000| PB 0x0000000086800000| Untracked 
| 105|0x0000000086900000, 0x0000000086a00000, 0x0000000086a00000|100%| O|  |TAMS 0x0000000086900000| PB 0x0000000086900000| Untracked 
| 106|0x0000000086a00000, 0x0000000086b00000, 0x0000000086b00000|100%| O|  |TAMS 0x0000000086a00000| PB 0x0000000086a00000| Untracked 
| 107|0x0000000086b00000, 0x0000000086c00000, 0x0000000086c00000|100%| O|  |TAMS 0x0000000086b00000| PB 0x0000000086b00000| Untracked 
| 108|0x0000000086c00000, 0x0000000086d00000, 0x0000000086d00000|100%| O|  |TAMS 0x0000000086c00000| PB 0x0000000086c00000| Untracked 
| 109|0x0000000086d00000, 0x0000000086e00000, 0x0000000086e00000|100%| O|  |TAMS 0x0000000086d00000| PB 0x0000000086d00000| Untracked 
| 110|0x0000000086e00000, 0x0000000086f00000, 0x0000000086f00000|100%| O|  |TAMS 0x0000000086e00000| PB 0x0000000086e00000| Untracked 
| 111|0x0000000086f00000, 0x0000000086f00000, 0x0000000087000000|  0%| F|  |TAMS 0x0000000086f00000| PB 0x0000000086f00000| Untracked 
| 112|0x0000000087000000, 0x0000000087100000, 0x0000000087100000|100%| O|  |TAMS 0x0000000087000000| PB 0x0000000087000000| Untracked 
| 113|0x0000000087100000, 0x0000000087200000, 0x0000000087200000|100%| O|  |TAMS 0x0000000087100000| PB 0x0000000087100000| Untracked 
| 114|0x0000000087200000, 0x0000000087300000, 0x0000000087300000|100%| O|  |TAMS 0x0000000087200000| PB 0x0000000087200000| Untracked 
| 115|0x0000000087300000, 0x0000000087400000, 0x0000000087400000|100%| O|  |TAMS 0x0000000087300000| PB 0x0000000087300000| Untracked 
| 116|0x0000000087400000, 0x0000000087500000, 0x0000000087500000|100%| O|  |TAMS 0x0000000087400000| PB 0x0000000087400000| Untracked 
| 117|0x0000000087500000, 0x0000000087600000, 0x0000000087600000|100%| O|  |TAMS 0x0000000087500000| PB 0x0000000087500000| Untracked 
| 118|0x0000000087600000, 0x0000000087700000, 0x0000000087700000|100%| O|  |TAMS 0x0000000087600000| PB 0x0000000087600000| Untracked 
| 119|0x0000000087700000, 0x0000000087800000, 0x0000000087800000|100%| O|  |TAMS 0x0000000087700000| PB 0x0000000087700000| Untracked 
| 120|0x0000000087800000, 0x0000000087900000, 0x0000000087900000|100%| O|  |TAMS 0x0000000087800000| PB 0x0000000087800000| Untracked 
| 121|0x0000000087900000, 0x0000000087a00000, 0x0000000087a00000|100%| O|  |TAMS 0x0000000087900000| PB 0x0000000087900000| Untracked 
| 122|0x0000000087a00000, 0x0000000087b00000, 0x0000000087b00000|100%| O|  |TAMS 0x0000000087a00000| PB 0x0000000087a00000| Untracked 
| 123|0x0000000087b00000, 0x0000000087c00000, 0x0000000087c00000|100%| O|  |TAMS 0x0000000087b00000| PB 0x0000000087b00000| Untracked 
| 124|0x0000000087c00000, 0x0000000087d00000, 0x0000000087d00000|100%| O|  |TAMS 0x0000000087c00000| PB 0x0000000087c00000| Untracked 
| 125|0x0000000087d00000, 0x0000000087df0a50, 0x0000000087e00000| 94%| O|  |TAMS 0x0000000087d00000| PB 0x0000000087d00000| Untracked 
| 126|0x0000000087e00000, 0x0000000087e00000, 0x0000000087f00000|  0%| F|  |TAMS 0x0000000087e00000| PB 0x0000000087e00000| Untracked 
| 127|0x0000000087f00000, 0x0000000087f00000, 0x0000000088000000|  0%| F|  |TAMS 0x0000000087f00000| PB 0x0000000087f00000| Untracked 
| 128|0x0000000088000000, 0x0000000088000000, 0x0000000088100000|  0%| F|  |TAMS 0x0000000088000000| PB 0x0000000088000000| Untracked 
| 129|0x0000000088100000, 0x0000000088100000, 0x0000000088200000|  0%| F|  |TAMS 0x0000000088100000| PB 0x0000000088100000| Untracked 
| 130|0x0000000088200000, 0x0000000088200000, 0x0000000088300000|  0%| F|  |TAMS 0x0000000088200000| PB 0x0000000088200000| Untracked 
| 131|0x0000000088300000, 0x0000000088300000, 0x0000000088400000|  0%| F|  |TAMS 0x0000000088300000| PB 0x0000000088300000| Untracked 
| 132|0x0000000088400000, 0x0000000088400000, 0x0000000088500000|  0%| F|  |TAMS 0x0000000088400000| PB 0x0000000088400000| Untracked 
| 133|0x0000000088500000, 0x0000000088580000, 0x0000000088600000| 50%| S|CS|TAMS 0x0000000088500000| PB 0x0000000088500000| Complete 
| 134|0x0000000088600000, 0x0000000088700000, 0x0000000088700000|100%| S|CS|TAMS 0x0000000088600000| PB 0x0000000088600000| Complete 
| 135|0x0000000088700000, 0x0000000088800000, 0x0000000088800000|100%| S|CS|TAMS 0x0000000088700000| PB 0x0000000088700000| Complete 
| 136|0x0000000088800000, 0x0000000088900000, 0x0000000088900000|100%| S|CS|TAMS 0x0000000088800000| PB 0x0000000088800000| Complete 
| 137|0x0000000088900000, 0x0000000088a00000, 0x0000000088a00000|100%| S|CS|TAMS 0x0000000088900000| PB 0x0000000088900000| Complete 
| 138|0x0000000088a00000, 0x0000000088b00000, 0x0000000088b00000|100%| S|CS|TAMS 0x0000000088a00000| PB 0x0000000088a00000| Complete 
| 139|0x0000000088b00000, 0x0000000088c00000, 0x0000000088c00000|100%| S|CS|TAMS 0x0000000088b00000| PB 0x0000000088b00000| Complete 
| 140|0x0000000088c00000, 0x0000000088d00000, 0x0000000088d00000|100%| S|CS|TAMS 0x0000000088c00000| PB 0x0000000088c00000| Complete 
| 141|0x0000000088d00000, 0x0000000088d00000, 0x0000000088e00000|  0%| F|  |TAMS 0x0000000088d00000| PB 0x0000000088d00000| Untracked 
| 142|0x0000000088e00000, 0x0000000088e00000, 0x0000000088f00000|  0%| F|  |TAMS 0x0000000088e00000| PB 0x0000000088e00000| Untracked 
| 143|0x0000000088f00000, 0x0000000088f00000, 0x0000000089000000|  0%| F|  |TAMS 0x0000000088f00000| PB 0x0000000088f00000| Untracked 
| 144|0x0000000089000000, 0x0000000089000000, 0x0000000089100000|  0%| F|  |TAMS 0x0000000089000000| PB 0x0000000089000000| Untracked 
| 145|0x0000000089100000, 0x0000000089100000, 0x0000000089200000|  0%| F|  |TAMS 0x0000000089100000| PB 0x0000000089100000| Untracked 
| 146|0x0000000089200000, 0x0000000089200000, 0x0000000089300000|  0%| F|  |TAMS 0x0000000089200000| PB 0x0000000089200000| Untracked 
| 147|0x0000000089300000, 0x0000000089300000, 0x0000000089400000|  0%| F|  |TAMS 0x0000000089300000| PB 0x0000000089300000| Untracked 
| 148|0x0000000089400000, 0x0000000089400000, 0x0000000089500000|  0%| F|  |TAMS 0x0000000089400000| PB 0x0000000089400000| Untracked 
| 149|0x0000000089500000, 0x0000000089500000, 0x0000000089600000|  0%| F|  |TAMS 0x0000000089500000| PB 0x0000000089500000| Untracked 
| 150|0x0000000089600000, 0x0000000089600000, 0x0000000089700000|  0%| F|  |TAMS 0x0000000089600000| PB 0x0000000089600000| Untracked 
| 151|0x0000000089700000, 0x0000000089700000, 0x0000000089800000|  0%| F|  |TAMS 0x0000000089700000| PB 0x0000000089700000| Untracked 
| 152|0x0000000089800000, 0x0000000089800000, 0x0000000089900000|  0%| F|  |TAMS 0x0000000089800000| PB 0x0000000089800000| Untracked 
| 153|0x0000000089900000, 0x0000000089900000, 0x0000000089a00000|  0%| F|  |TAMS 0x0000000089900000| PB 0x0000000089900000| Untracked 
| 154|0x0000000089a00000, 0x0000000089a00000, 0x0000000089b00000|  0%| F|  |TAMS 0x0000000089a00000| PB 0x0000000089a00000| Untracked 
| 155|0x0000000089b00000, 0x0000000089b00000, 0x0000000089c00000|  0%| F|  |TAMS 0x0000000089b00000| PB 0x0000000089b00000| Untracked 
| 156|0x0000000089c00000, 0x0000000089c00000, 0x0000000089d00000|  0%| F|  |TAMS 0x0000000089c00000| PB 0x0000000089c00000| Untracked 
| 157|0x0000000089d00000, 0x0000000089d00000, 0x0000000089e00000|  0%| F|  |TAMS 0x0000000089d00000| PB 0x0000000089d00000| Untracked 
| 158|0x0000000089e00000, 0x0000000089e00000, 0x0000000089f00000|  0%| F|  |TAMS 0x0000000089e00000| PB 0x0000000089e00000| Untracked 
| 159|0x0000000089f00000, 0x0000000089f00000, 0x000000008a000000|  0%| F|  |TAMS 0x0000000089f00000| PB 0x0000000089f00000| Untracked 
| 160|0x000000008a000000, 0x000000008a000000, 0x000000008a100000|  0%| F|  |TAMS 0x000000008a000000| PB 0x000000008a000000| Untracked 
| 161|0x000000008a100000, 0x000000008a100000, 0x000000008a200000|  0%| F|  |TAMS 0x000000008a100000| PB 0x000000008a100000| Untracked 
| 162|0x000000008a200000, 0x000000008a200000, 0x000000008a300000|  0%| F|  |TAMS 0x000000008a200000| PB 0x000000008a200000| Untracked 
| 163|0x000000008a300000, 0x000000008a300000, 0x000000008a400000|  0%| F|  |TAMS 0x000000008a300000| PB 0x000000008a300000| Untracked 
| 164|0x000000008a400000, 0x000000008a400000, 0x000000008a500000|  0%| F|  |TAMS 0x000000008a400000| PB 0x000000008a400000| Untracked 
| 165|0x000000008a500000, 0x000000008a500000, 0x000000008a600000|  0%| F|  |TAMS 0x000000008a500000| PB 0x000000008a500000| Untracked 
| 166|0x000000008a600000, 0x000000008a600000, 0x000000008a700000|  0%| F|  |TAMS 0x000000008a600000| PB 0x000000008a600000| Untracked 
| 167|0x000000008a700000, 0x000000008a700000, 0x000000008a800000|  0%| F|  |TAMS 0x000000008a700000| PB 0x000000008a700000| Untracked 
| 168|0x000000008a800000, 0x000000008a800000, 0x000000008a900000|  0%| F|  |TAMS 0x000000008a800000| PB 0x000000008a800000| Untracked 
| 169|0x000000008a900000, 0x000000008a900000, 0x000000008aa00000|  0%| F|  |TAMS 0x000000008a900000| PB 0x000000008a900000| Untracked 
| 170|0x000000008aa00000, 0x000000008aa00000, 0x000000008ab00000|  0%| F|  |TAMS 0x000000008aa00000| PB 0x000000008aa00000| Untracked 
| 171|0x000000008ab00000, 0x000000008ab00000, 0x000000008ac00000|  0%| F|  |TAMS 0x000000008ab00000| PB 0x000000008ab00000| Untracked 
| 172|0x000000008ac00000, 0x000000008ac00000, 0x000000008ad00000|  0%| F|  |TAMS 0x000000008ac00000| PB 0x000000008ac00000| Untracked 
| 173|0x000000008ad00000, 0x000000008ad00000, 0x000000008ae00000|  0%| F|  |TAMS 0x000000008ad00000| PB 0x000000008ad00000| Untracked 
| 174|0x000000008ae00000, 0x000000008ae00000, 0x000000008af00000|  0%| F|  |TAMS 0x000000008ae00000| PB 0x000000008ae00000| Untracked 
| 175|0x000000008af00000, 0x000000008af00000, 0x000000008b000000|  0%| F|  |TAMS 0x000000008af00000| PB 0x000000008af00000| Untracked 
| 176|0x000000008b000000, 0x000000008b000000, 0x000000008b100000|  0%| F|  |TAMS 0x000000008b000000| PB 0x000000008b000000| Untracked 
| 177|0x000000008b100000, 0x000000008b100000, 0x000000008b200000|  0%| F|  |TAMS 0x000000008b100000| PB 0x000000008b100000| Untracked 
| 178|0x000000008b200000, 0x000000008b200000, 0x000000008b300000|  0%| F|  |TAMS 0x000000008b200000| PB 0x000000008b200000| Untracked 
| 179|0x000000008b300000, 0x000000008b300000, 0x000000008b400000|  0%| F|  |TAMS 0x000000008b300000| PB 0x000000008b300000| Untracked 
| 180|0x000000008b400000, 0x000000008b400000, 0x000000008b500000|  0%| F|  |TAMS 0x000000008b400000| PB 0x000000008b400000| Untracked 
| 181|0x000000008b500000, 0x000000008b500000, 0x000000008b600000|  0%| F|  |TAMS 0x000000008b500000| PB 0x000000008b500000| Untracked 
| 182|0x000000008b600000, 0x000000008b600000, 0x000000008b700000|  0%| F|  |TAMS 0x000000008b600000| PB 0x000000008b600000| Untracked 
| 183|0x000000008b700000, 0x000000008b700000, 0x000000008b800000|  0%| F|  |TAMS 0x000000008b700000| PB 0x000000008b700000| Untracked 
| 184|0x000000008b800000, 0x000000008b800000, 0x000000008b900000|  0%| F|  |TAMS 0x000000008b800000| PB 0x000000008b800000| Untracked 
| 185|0x000000008b900000, 0x000000008b900000, 0x000000008ba00000|  0%| F|  |TAMS 0x000000008b900000| PB 0x000000008b900000| Untracked 
| 186|0x000000008ba00000, 0x000000008ba00000, 0x000000008bb00000|  0%| F|  |TAMS 0x000000008ba00000| PB 0x000000008ba00000| Untracked 
| 187|0x000000008bb00000, 0x000000008bb00000, 0x000000008bc00000|  0%| F|  |TAMS 0x000000008bb00000| PB 0x000000008bb00000| Untracked 
| 188|0x000000008bc00000, 0x000000008bc00000, 0x000000008bd00000|  0%| F|  |TAMS 0x000000008bc00000| PB 0x000000008bc00000| Untracked 
| 189|0x000000008bd00000, 0x000000008bd00000, 0x000000008be00000|  0%| F|  |TAMS 0x000000008bd00000| PB 0x000000008bd00000| Untracked 
| 190|0x000000008be00000, 0x000000008be00000, 0x000000008bf00000|  0%| F|  |TAMS 0x000000008be00000| PB 0x000000008be00000| Untracked 
| 191|0x000000008bf00000, 0x000000008bf00000, 0x000000008c000000|  0%| F|  |TAMS 0x000000008bf00000| PB 0x000000008bf00000| Untracked 
| 192|0x000000008c000000, 0x000000008c000000, 0x000000008c100000|  0%| F|  |TAMS 0x000000008c000000| PB 0x000000008c000000| Untracked 
| 193|0x000000008c100000, 0x000000008c100000, 0x000000008c200000|  0%| F|  |TAMS 0x000000008c100000| PB 0x000000008c100000| Untracked 
| 194|0x000000008c200000, 0x000000008c200000, 0x000000008c300000|  0%| F|  |TAMS 0x000000008c200000| PB 0x000000008c200000| Untracked 
| 195|0x000000008c300000, 0x000000008c300000, 0x000000008c400000|  0%| F|  |TAMS 0x000000008c300000| PB 0x000000008c300000| Untracked 
| 196|0x000000008c400000, 0x000000008c400000, 0x000000008c500000|  0%| F|  |TAMS 0x000000008c400000| PB 0x000000008c400000| Untracked 
| 197|0x000000008c500000, 0x000000008c500000, 0x000000008c600000|  0%| F|  |TAMS 0x000000008c500000| PB 0x000000008c500000| Untracked 
| 198|0x000000008c600000, 0x000000008c600000, 0x000000008c700000|  0%| F|  |TAMS 0x000000008c600000| PB 0x000000008c600000| Untracked 
| 199|0x000000008c700000, 0x000000008c79c0d8, 0x000000008c800000| 60%| E|  |TAMS 0x000000008c700000| PB 0x000000008c700000| Complete 
| 200|0x000000008c800000, 0x000000008c900000, 0x000000008c900000|100%| E|CS|TAMS 0x000000008c800000| PB 0x000000008c800000| Complete 
| 201|0x000000008c900000, 0x000000008ca00000, 0x000000008ca00000|100%| E|CS|TAMS 0x000000008c900000| PB 0x000000008c900000| Complete 
| 202|0x000000008ca00000, 0x000000008cb00000, 0x000000008cb00000|100%| E|CS|TAMS 0x000000008ca00000| PB 0x000000008ca00000| Complete 
| 203|0x000000008cb00000, 0x000000008cc00000, 0x000000008cc00000|100%| E|CS|TAMS 0x000000008cb00000| PB 0x000000008cb00000| Complete 
| 204|0x000000008cc00000, 0x000000008cd00000, 0x000000008cd00000|100%| E|CS|TAMS 0x000000008cc00000| PB 0x000000008cc00000| Complete 
| 205|0x000000008cd00000, 0x000000008ce00000, 0x000000008ce00000|100%| E|CS|TAMS 0x000000008cd00000| PB 0x000000008cd00000| Complete 
| 206|0x000000008ce00000, 0x000000008cf00000, 0x000000008cf00000|100%| E|CS|TAMS 0x000000008ce00000| PB 0x000000008ce00000| Complete 
| 207|0x000000008cf00000, 0x000000008d000000, 0x000000008d000000|100%| E|CS|TAMS 0x000000008cf00000| PB 0x000000008cf00000| Complete 
| 208|0x000000008d000000, 0x000000008d100000, 0x000000008d100000|100%| E|CS|TAMS 0x000000008d000000| PB 0x000000008d000000| Complete 
| 209|0x000000008d100000, 0x000000008d200000, 0x000000008d200000|100%| E|CS|TAMS 0x000000008d100000| PB 0x000000008d100000| Complete 
| 210|0x000000008d200000, 0x000000008d300000, 0x000000008d300000|100%| E|CS|TAMS 0x000000008d200000| PB 0x000000008d200000| Complete 
| 211|0x000000008d300000, 0x000000008d400000, 0x000000008d400000|100%| E|CS|TAMS 0x000000008d300000| PB 0x000000008d300000| Complete 
| 212|0x000000008d400000, 0x000000008d500000, 0x000000008d500000|100%| E|CS|TAMS 0x000000008d400000| PB 0x000000008d400000| Complete 
| 213|0x000000008d500000, 0x000000008d600000, 0x000000008d600000|100%| E|CS|TAMS 0x000000008d500000| PB 0x000000008d500000| Complete 
| 214|0x000000008d600000, 0x000000008d700000, 0x000000008d700000|100%| E|CS|TAMS 0x000000008d600000| PB 0x000000008d600000| Complete 
| 215|0x000000008d700000, 0x000000008d800000, 0x000000008d800000|100%| E|CS|TAMS 0x000000008d700000| PB 0x000000008d700000| Complete 
| 216|0x000000008d800000, 0x000000008d900000, 0x000000008d900000|100%| E|CS|TAMS 0x000000008d800000| PB 0x000000008d800000| Complete 
| 217|0x000000008d900000, 0x000000008da00000, 0x000000008da00000|100%| E|CS|TAMS 0x000000008d900000| PB 0x000000008d900000| Complete 
| 218|0x000000008da00000, 0x000000008db00000, 0x000000008db00000|100%| E|CS|TAMS 0x000000008da00000| PB 0x000000008da00000| Complete 
| 219|0x000000008db00000, 0x000000008dc00000, 0x000000008dc00000|100%| E|CS|TAMS 0x000000008db00000| PB 0x000000008db00000| Complete 
| 220|0x000000008dc00000, 0x000000008dd00000, 0x000000008dd00000|100%| E|CS|TAMS 0x000000008dc00000| PB 0x000000008dc00000| Complete 
| 221|0x000000008dd00000, 0x000000008de00000, 0x000000008de00000|100%| E|CS|TAMS 0x000000008dd00000| PB 0x000000008dd00000| Complete 
| 222|0x000000008de00000, 0x000000008df00000, 0x000000008df00000|100%| E|CS|TAMS 0x000000008de00000| PB 0x000000008de00000| Complete 
| 223|0x000000008df00000, 0x000000008e000000, 0x000000008e000000|100%| E|  |TAMS 0x000000008df00000| PB 0x000000008df00000| Complete 
| 224|0x000000008e000000, 0x000000008e100000, 0x000000008e100000|100%| E|CS|TAMS 0x000000008e000000| PB 0x000000008e000000| Complete 
| 225|0x000000008e100000, 0x000000008e200000, 0x000000008e200000|100%| E|CS|TAMS 0x000000008e100000| PB 0x000000008e100000| Complete 
| 226|0x000000008e200000, 0x000000008e300000, 0x000000008e300000|100%| E|CS|TAMS 0x000000008e200000| PB 0x000000008e200000| Complete 
| 227|0x000000008e300000, 0x000000008e400000, 0x000000008e400000|100%| E|CS|TAMS 0x000000008e300000| PB 0x000000008e300000| Complete 
| 228|0x000000008e400000, 0x000000008e500000, 0x000000008e500000|100%| E|CS|TAMS 0x000000008e400000| PB 0x000000008e400000| Complete 
| 229|0x000000008e500000, 0x000000008e600000, 0x000000008e600000|100%| E|CS|TAMS 0x000000008e500000| PB 0x000000008e500000| Complete 
| 230|0x000000008e600000, 0x000000008e700000, 0x000000008e700000|100%| E|CS|TAMS 0x000000008e600000| PB 0x000000008e600000| Complete 
| 231|0x000000008e700000, 0x000000008e800000, 0x000000008e800000|100%| E|CS|TAMS 0x000000008e700000| PB 0x000000008e700000| Complete 
| 232|0x000000008e800000, 0x000000008e900000, 0x000000008e900000|100%| E|CS|TAMS 0x000000008e800000| PB 0x000000008e800000| Complete 
| 233|0x000000008e900000, 0x000000008ea00000, 0x000000008ea00000|100%| E|CS|TAMS 0x000000008e900000| PB 0x000000008e900000| Complete 
| 234|0x000000008ea00000, 0x000000008eb00000, 0x000000008eb00000|100%| E|CS|TAMS 0x000000008ea00000| PB 0x000000008ea00000| Complete 
| 235|0x000000008eb00000, 0x000000008ec00000, 0x000000008ec00000|100%| E|CS|TAMS 0x000000008eb00000| PB 0x000000008eb00000| Complete 
| 236|0x000000008ec00000, 0x000000008ed00000, 0x000000008ed00000|100%| E|CS|TAMS 0x000000008ec00000| PB 0x000000008ec00000| Complete 
| 237|0x000000008ed00000, 0x000000008ee00000, 0x000000008ee00000|100%| E|CS|TAMS 0x000000008ed00000| PB 0x000000008ed00000| Complete 
| 238|0x000000008ee00000, 0x000000008ef00000, 0x000000008ef00000|100%| E|CS|TAMS 0x000000008ee00000| PB 0x000000008ee00000| Complete 
| 239|0x000000008ef00000, 0x000000008f000000, 0x000000008f000000|100%| E|CS|TAMS 0x000000008ef00000| PB 0x000000008ef00000| Complete 

Card table byte_map: [0x000002291f120000,0x000002291f520000] _byte_map_base: 0x000002291ed20000

Marking Bits: (CMBitMap*) 0x00000229078e1ee0
 Bits: [0x000002291f520000, 0x0000022921520000)

Polling page: 0x0000022905a00000

Metaspace:

Usage:
  Non-class:     91.49 MB used.
      Class:     14.42 MB used.
       Both:    105.91 MB used.

Virtual space:
  Non-class space:      128.00 MB reserved,      92.69 MB ( 72%) committed,  2 nodes.
      Class space:        1.00 GB reserved,      15.62 MB (  2%) committed,  1 nodes.
             Both:        1.12 GB reserved,     108.31 MB (  9%) committed. 

Chunk freelists:
   Non-Class:  2.46 MB
       Class:  200.00 KB
        Both:  2.66 MB

MaxMetaspaceSize: unlimited
CompressedClassSpaceSize: 1.00 GB
Initial GC threshold: 21.00 MB
Current GC threshold: 180.56 MB
CDS: on
 - commit_granule_bytes: 65536.
 - commit_granule_words: 8192.
 - virtual_space_node_default_size: 8388608.
 - enlarge_chunks_in_place: 1.
 - use_allocation_guard: 0.


Internal statistics:

num_allocs_failed_limit: 6.
num_arena_births: 4486.
num_arena_deaths: 0.
num_vsnodes_births: 3.
num_vsnodes_deaths: 0.
num_space_committed: 1732.
num_space_uncommitted: 0.
num_chunks_returned_to_freelist: 6.
num_chunks_taken_from_freelist: 9582.
num_chunk_merges: 6.
num_chunk_splits: 6202.
num_chunks_enlarged: 3810.
num_inconsistent_stats: 0.

CodeHeap 'non-profiled nmethods': size=120000Kb used=8938Kb max_used=9073Kb free=111061Kb
 bounds [0x00000229177f0000, 0x00000229180d0000, 0x000002291ed20000]
CodeHeap 'profiled nmethods': size=120000Kb used=23760Kb max_used=24566Kb free=96239Kb
 bounds [0x000002290fd20000, 0x0000022911520000, 0x0000022917250000]
CodeHeap 'non-nmethods': size=5760Kb used=2433Kb max_used=2500Kb free=3326Kb
 bounds [0x0000022917250000, 0x00000229174d0000, 0x00000229177f0000]
 total_blobs=13580 nmethods=12690 adapters=794
 compilation: enabled
              stopped_count=0, restarted_count=0
 full_count=0

Compilation events (20 events):
Event: 35.372 Thread 0x00000229239ed8e0 nmethod 15276 0x0000022917c8ed90 code [0x0000022917c8ef60, 0x0000022917c8f3a0]
Event: 35.415 Thread 0x00000229239ed8e0 15277       4       java.util.stream.Collector::of (73 bytes)
Event: 35.417 Thread 0x00000229239ed8e0 nmethod 15277 0x0000022917cdbd10 code [0x0000022917cdbec0, 0x0000022917cdc0f0]
Event: 35.428 Thread 0x00000229239f29d0 15278       3       java.util.ComparableTimSort::reverseRange (32 bytes)
Event: 35.428 Thread 0x00000229239f29d0 nmethod 15278 0x0000022910310610 code [0x00000229103107e0, 0x0000022910310cd0]
Event: 35.441 Thread 0x00000229239ed8e0 15279       4       com.google.common.collect.RegularImmutableList::spliterator (11 bytes)
Event: 35.443 Thread 0x00000229239ed8e0 nmethod 15279 0x0000022917853e90 code [0x0000022917854020, 0x00000229178541d8]
Event: 35.452 Thread 0x00000229239ed8e0 15280       4       jdk.internal.misc.Unsafe::checkPrimitivePointer (19 bytes)
Event: 35.454 Thread 0x00000229239ed8e0 nmethod 15280 0x0000022917edaa90 code [0x0000022917edac20, 0x0000022917edad78]
Event: 35.478 Thread 0x00000229239ed8e0 15281       4       java.util.ArrayList$ArrayListSpliterator::tryAdvance (79 bytes)
Event: 35.480 Thread 0x00000229239ed8e0 nmethod 15281 0x0000022917bab890 code [0x0000022917baba40, 0x0000022917babc00]
Event: 35.508 Thread 0x00000229239f29d0 15282       1       org.gradle.internal.MutableReference::get (5 bytes)
Event: 35.509 Thread 0x00000229239f29d0 nmethod 15282 0x0000022917dfde10 code [0x0000022917dfdfa0, 0x0000022917dfe068]
Event: 35.519 Thread 0x00000229239f29d0 15283       3       org.gradle.api.internal.provider.DefaultProperty::finalValue (11 bytes)
Event: 35.519 Thread 0x00000229239f29d0 nmethod 15283 0x000002290fd72390 code [0x000002290fd72560, 0x000002290fd72928]
Event: 35.519 Thread 0x00000229239f29d0 15284       3       org.gradle.api.internal.provider.DefaultProperty::finalValue (8 bytes)
Event: 35.519 Thread 0x00000229239f29d0 nmethod 15284 0x000002290ffbeb10 code [0x000002290ffbecc0, 0x000002290ffbeea0]
Event: 35.523 Thread 0x00000229239f29d0 15285       3       org.gradle.api.internal.tasks.properties.ValidationActions$1::validate (1 bytes)
Event: 35.523 Thread 0x00000229239f29d0 nmethod 15285 0x000002290fda0690 code [0x000002290fda0820, 0x000002290fda0928]
Event: 35.524 Thread 0x00000229239ed8e0 15286       4       org.gradle.api.internal.artifacts.transform.TransformingAsyncArtifactListener$TransformedArtifact::startFinalization (15 bytes)

GC Heap History (20 events):
Event: 25.298 GC heap before
{Heap before GC invocations=39 (full 0):
 garbage-first heap   total 196608K, used 157161K [0x0000000080000000, 0x0000000100000000)
  region size 1024K, 59 young (60416K), 5 survivors (5120K)
 Metaspace       used 100471K, committed 102784K, reserved 1179648K
  class space    used 13763K, committed 14912K, reserved 1048576K
}
Event: 25.314 GC heap after
{Heap after GC invocations=40 (full 0):
 garbage-first heap   total 196608K, used 109899K [0x0000000080000000, 0x0000000100000000)
  region size 1024K, 10 young (10240K), 10 survivors (10240K)
 Metaspace       used 100471K, committed 102784K, reserved 1179648K
  class space    used 13763K, committed 14912K, reserved 1048576K
}
Event: 26.636 GC heap before
{Heap before GC invocations=41 (full 0):
 garbage-first heap   total 203776K, used 179531K [0x0000000080000000, 0x0000000100000000)
  region size 1024K, 73 young (74752K), 10 survivors (10240K)
 Metaspace       used 103591K, committed 105984K, reserved 1179648K
  class space    used 14104K, committed 15296K, reserved 1048576K
}
Event: 26.655 GC heap after
{Heap after GC invocations=42 (full 0):
 garbage-first heap   total 203776K, used 117472K [0x0000000080000000, 0x0000000100000000)
  region size 1024K, 8 young (8192K), 8 survivors (8192K)
 Metaspace       used 103591K, committed 105984K, reserved 1179648K
  class space    used 14104K, committed 15296K, reserved 1048576K
}
Event: 27.199 GC heap before
{Heap before GC invocations=42 (full 0):
 garbage-first heap   total 203776K, used 181984K [0x0000000080000000, 0x0000000100000000)
  region size 1024K, 72 young (73728K), 8 survivors (8192K)
 Metaspace       used 103611K, committed 105984K, reserved 1179648K
  class space    used 14105K, committed 15296K, reserved 1048576K
}
Event: 27.211 GC heap after
{Heap after GC invocations=43 (full 0):
 garbage-first heap   total 203776K, used 119547K [0x0000000080000000, 0x0000000100000000)
  region size 1024K, 5 young (5120K), 5 survivors (5120K)
 Metaspace       used 103611K, committed 105984K, reserved 1179648K
  class space    used 14105K, committed 15296K, reserved 1048576K
}
Event: 27.682 GC heap before
{Heap before GC invocations=43 (full 0):
 garbage-first heap   total 203776K, used 185083K [0x0000000080000000, 0x0000000100000000)
  region size 1024K, 69 young (70656K), 5 survivors (5120K)
 Metaspace       used 103658K, committed 106048K, reserved 1179648K
  class space    used 14105K, committed 15296K, reserved 1048576K
}
Event: 27.690 GC heap after
{Heap after GC invocations=44 (full 0):
 garbage-first heap   total 203776K, used 120265K [0x0000000080000000, 0x0000000100000000)
  region size 1024K, 6 young (6144K), 6 survivors (6144K)
 Metaspace       used 103658K, committed 106048K, reserved 1179648K
  class space    used 14105K, committed 15296K, reserved 1048576K
}
Event: 29.114 GC heap before
{Heap before GC invocations=45 (full 0):
 garbage-first heap   total 224256K, used 184777K [0x0000000080000000, 0x0000000100000000)
  region size 1024K, 69 young (70656K), 6 survivors (6144K)
 Metaspace       used 104169K, committed 106496K, reserved 1179648K
  class space    used 14201K, committed 15360K, reserved 1048576K
}
Event: 29.126 GC heap after
{Heap after GC invocations=46 (full 0):
 garbage-first heap   total 224256K, used 122845K [0x0000000080000000, 0x0000000100000000)
  region size 1024K, 7 young (7168K), 7 survivors (7168K)
 Metaspace       used 104169K, committed 106496K, reserved 1179648K
  class space    used 14201K, committed 15360K, reserved 1048576K
}
Event: 30.252 GC heap before
{Heap before GC invocations=46 (full 0):
 garbage-first heap   total 224256K, used 203741K [0x0000000080000000, 0x0000000100000000)
  region size 1024K, 86 young (88064K), 7 survivors (7168K)
 Metaspace       used 104207K, committed 106560K, reserved 1179648K
  class space    used 14202K, committed 15360K, reserved 1048576K
}
Event: 30.268 GC heap after
{Heap after GC invocations=47 (full 0):
 garbage-first heap   total 224256K, used 123097K [0x0000000080000000, 0x0000000100000000)
  region size 1024K, 7 young (7168K), 7 survivors (7168K)
 Metaspace       used 104207K, committed 106560K, reserved 1179648K
  class space    used 14202K, committed 15360K, reserved 1048576K
}
Event: 31.679 GC heap before
{Heap before GC invocations=47 (full 0):
 garbage-first heap   total 224256K, used 202969K [0x0000000080000000, 0x0000000100000000)
  region size 1024K, 86 young (88064K), 7 survivors (7168K)
 Metaspace       used 104316K, committed 106688K, reserved 1179648K
  class space    used 14219K, committed 15424K, reserved 1048576K
}
Event: 31.695 GC heap after
{Heap after GC invocations=48 (full 0):
 garbage-first heap   total 224256K, used 125735K [0x0000000080000000, 0x0000000100000000)
  region size 1024K, 7 young (7168K), 7 survivors (7168K)
 Metaspace       used 104316K, committed 106688K, reserved 1179648K
  class space    used 14219K, committed 15424K, reserved 1048576K
}
Event: 33.335 GC heap before
{Heap before GC invocations=49 (full 0):
 garbage-first heap   total 224256K, used 203559K [0x0000000080000000, 0x0000000100000000)
  region size 1024K, 84 young (86016K), 7 survivors (7168K)
 Metaspace       used 105965K, committed 108352K, reserved 1179648K
  class space    used 14448K, committed 15616K, reserved 1048576K
}
Event: 33.347 GC heap after
{Heap after GC invocations=50 (full 0):
 garbage-first heap   total 224256K, used 130048K [0x0000000080000000, 0x0000000100000000)
  region size 1024K, 9 young (9216K), 9 survivors (9216K)
 Metaspace       used 105965K, committed 108352K, reserved 1179648K
  class space    used 14448K, committed 15616K, reserved 1048576K
}
Event: 34.145 GC heap before
{Heap before GC invocations=50 (full 0):
 garbage-first heap   total 224256K, used 201728K [0x0000000080000000, 0x0000000100000000)
  region size 1024K, 80 young (81920K), 9 survivors (9216K)
 Metaspace       used 107831K, committed 110208K, reserved 1179648K
  class space    used 14670K, committed 15872K, reserved 1048576K
}
Event: 34.162 GC heap after
{Heap after GC invocations=51 (full 0):
 garbage-first heap   total 224256K, used 131394K [0x0000000080000000, 0x0000000100000000)
  region size 1024K, 6 young (6144K), 6 survivors (6144K)
 Metaspace       used 107831K, committed 110208K, reserved 1179648K
  class space    used 14670K, committed 15872K, reserved 1048576K
}
Event: 34.964 GC heap before
{Heap before GC invocations=51 (full 0):
 garbage-first heap   total 224256K, used 204098K [0x0000000080000000, 0x0000000100000000)
  region size 1024K, 78 young (79872K), 6 survivors (6144K)
 Metaspace       used 108251K, committed 110720K, reserved 1179648K
  class space    used 14732K, committed 16000K, reserved 1048576K
}
Event: 34.979 GC heap after
{Heap after GC invocations=52 (full 0):
 garbage-first heap   total 224256K, used 133570K [0x0000000080000000, 0x0000000100000000)
  region size 1024K, 8 young (8192K), 8 survivors (8192K)
 Metaspace       used 108251K, committed 110720K, reserved 1179648K
  class space    used 14732K, committed 16000K, reserved 1048576K
}

Dll operation events (16 events):
Event: 0.031 Loaded shared library C:\Program Files\Java\jdk-21\bin\java.dll
Event: 0.499 Loaded shared library C:\Program Files\Java\jdk-21\bin\zip.dll
Event: 0.499 Loaded shared library C:\Program Files\Java\jdk-21\bin\jsvml.dll
Event: 0.516 Loaded shared library C:\Program Files\Java\jdk-21\bin\instrument.dll
Event: 0.527 Loaded shared library C:\Program Files\Java\jdk-21\bin\net.dll
Event: 0.529 Loaded shared library C:\Program Files\Java\jdk-21\bin\nio.dll
Event: 0.533 Loaded shared library C:\Program Files\Java\jdk-21\bin\zip.dll
Event: 1.350 Loaded shared library C:\Program Files\Java\jdk-21\bin\jimage.dll
Event: 1.766 Loaded shared library C:\Program Files\Java\jdk-21\bin\verify.dll
Event: 1.929 Loaded shared library C:\Users\np818\.gradle\native\1def1411415f61bf3af743bc5b6707747c0891f09f0c88961ee8f79bc544acac\windows-amd64\native-platform.dll
Event: 1.958 Loaded shared library C:\Users\np818\.gradle\native\0.2.7\x86_64-windows-gnu\gradle-fileevents.dll
Event: 3.352 Loaded shared library C:\Program Files\Java\jdk-21\bin\management.dll
Event: 3.357 Loaded shared library C:\Program Files\Java\jdk-21\bin\management_ext.dll
Event: 3.608 Loaded shared library C:\Program Files\Java\jdk-21\bin\extnet.dll
Event: 3.926 Loaded shared library C:\Program Files\Java\jdk-21\bin\sunmscapi.dll
Event: 34.241 Loaded shared library C:\Program Files\Java\jdk-21\bin\rmi.dll

Deoptimization events (20 events):
Event: 34.310 Thread 0x000002296ca29430 Uncommon trap: trap_request=0xffffff45 fr.pc=0x00000229179dddb0 relative=0x0000000000000090
Event: 34.310 Thread 0x000002296ca29430 Uncommon trap: reason=unstable_if action=reinterpret pc=0x00000229179dddb0 method=java.util.concurrent.TimeUnit.toNanos(J)J @ 22 c2
Event: 34.310 Thread 0x000002296ca29430 DEOPT PACKING pc=0x00000229179dddb0 sp=0x0000006674dfee70
Event: 34.310 Thread 0x000002296ca29430 DEOPT UNPACKING pc=0x00000229172a7da2 sp=0x0000006674dfede0 mode 2
Event: 34.412 Thread 0x000002296ca29430 Uncommon trap: trap_request=0xffffff45 fr.pc=0x0000022917a05478 relative=0x0000000000000058
Event: 34.412 Thread 0x000002296ca29430 Uncommon trap: reason=unstable_if action=reinterpret pc=0x0000022917a05478 method=java.lang.Thread.getAndClearInterrupt()Z @ 6 c2
Event: 34.412 Thread 0x000002296ca29430 DEOPT PACKING pc=0x0000022917a05478 sp=0x0000006674dfee70
Event: 34.412 Thread 0x000002296ca29430 DEOPT UNPACKING pc=0x00000229172a7da2 sp=0x0000006674dfeda8 mode 2
Event: 34.569 Thread 0x000002296af05540 Uncommon trap: trap_request=0xffffffc6 fr.pc=0x0000022917a018e0 relative=0x00000000000002c0
Event: 34.569 Thread 0x000002296af05540 Uncommon trap: reason=bimorphic_or_optimized_type_check action=maybe_recompile pc=0x0000022917a018e0 method=java.util.Spliterators$IteratorSpliterator.tryAdvance(Ljava/util/function/Consumer;)Z @ 50 c2
Event: 34.569 Thread 0x000002296af05540 DEOPT PACKING pc=0x0000022917a018e0 sp=0x00000066726fd010
Event: 34.569 Thread 0x000002296af05540 DEOPT UNPACKING pc=0x00000229172a7da2 sp=0x00000066726fcfb0 mode 2
Event: 34.593 Thread 0x000002296af05540 Uncommon trap: trap_request=0xffffffde fr.pc=0x0000022917f53504 relative=0x00000000000005a4
Event: 34.593 Thread 0x000002296af05540 Uncommon trap: reason=class_check action=maybe_recompile pc=0x0000022917f53504 method=org.gradle.internal.snapshot.impl.AbstractValueProcessor.processValue(Ljava/lang/Object;Lorg/gradle/internal/snapshot/impl/AbstractValueProcessor$ValueVisitor;)Ljava/lan
Event: 34.593 Thread 0x000002296af05540 DEOPT PACKING pc=0x0000022917f53504 sp=0x00000066726f9860
Event: 34.593 Thread 0x000002296af05540 DEOPT UNPACKING pc=0x00000229172a7da2 sp=0x00000066726f97e0 mode 2
Event: 35.519 Thread 0x000002296af05540 Uncommon trap: trap_request=0xffffffc6 fr.pc=0x0000022917f5ef6c relative=0x000000000000078c
Event: 35.519 Thread 0x000002296af05540 Uncommon trap: reason=bimorphic_or_optimized_type_check action=maybe_recompile pc=0x0000022917f5ef6c method=org.gradle.internal.fingerprint.impl.DefaultCurrentFileCollectionFingerprint.from(Lorg/gradle/internal/snapshot/FileSystemSnapshot;Lorg/gradle/inte
Event: 35.519 Thread 0x000002296af05540 DEOPT PACKING pc=0x0000022917f5ef6c sp=0x00000066726fbc40
Event: 35.519 Thread 0x000002296af05540 DEOPT UNPACKING pc=0x00000229172a7da2 sp=0x00000066726fbc00 mode 2

Classes loaded (20 events):
Event: 34.418 Loading class sun/rmi/transport/ObjectEndpoint
Event: 34.418 Loading class sun/rmi/transport/ObjectEndpoint done
Event: 34.419 Loading class sun/rmi/server/WeakClassHashMap$ValueCell
Event: 34.419 Loading class sun/rmi/server/WeakClassHashMap$ValueCell done
Event: 34.419 Loading class java/rmi/server/RemoteObjectInvocationHandler$MethodToHash_Maps$1
Event: 34.419 Loading class java/rmi/server/RemoteObjectInvocationHandler$MethodToHash_Maps$1 done
Event: 34.982 Loading class java/security/DigestOutputStream
Event: 34.995 Loading class java/security/DigestOutputStream done
Event: 35.105 Loading class java/rmi/server/UnicastRemoteObject
Event: 35.105 Loading class java/rmi/server/UnicastRemoteObject done
Event: 35.106 Loading class sun/rmi/server/UnicastServerRef2
Event: 35.106 Loading class sun/rmi/server/UnicastServerRef2 done
Event: 35.107 Loading class sun/rmi/server/Util$1
Event: 35.107 Loading class sun/rmi/server/Util$1 done
Event: 35.109 Loading class sun/rmi/transport/tcp/TCPTransport$AcceptLoop
Event: 35.110 Loading class sun/rmi/transport/tcp/TCPTransport$AcceptLoop done
Event: 35.116 Loading class sun/rmi/transport/ObjectTable$Reaper
Event: 35.117 Loading class sun/rmi/transport/ObjectTable$Reaper done
Event: 35.510 Loading class sun/rmi/server/UnicastServerRef$HashToMethod_Maps$1
Event: 35.510 Loading class sun/rmi/server/UnicastServerRef$HashToMethod_Maps$1 done

Classes unloaded (0 events):
No events

Classes redefined (0 events):
No events

Internal exceptions (20 events):
Event: 33.519 Thread 0x000002296af03470 Exception <a 'java/lang/NoSuchMethodError'{0x000000008d1dc4d8}: static Lorg/jetbrains/kotlin/incremental/ClasspathChanges$ClasspathSnapshotEnabled$IncrementalRun$NoChanges;.<clinit>()V> (0x000000008d1dc4d8) 
thrown [s\open\src\hotspot\share\prims\jni.cpp, line 1111]
Event: 33.519 Thread 0x000002296af03470 Exception <a 'java/lang/NoSuchMethodError'{0x000000008d1de4b0}: static Lorg/jetbrains/kotlin/incremental/ClasspathChanges$ClasspathSnapshotEnabled$IncrementalRun;.<clinit>()V> (0x000000008d1de4b0) 
thrown [s\open\src\hotspot\share\prims\jni.cpp, line 1111]
Event: 33.519 Thread 0x000002296af03470 Exception <a 'java/lang/NoSuchMethodError'{0x000000008d1dffd8}: static Lorg/jetbrains/kotlin/incremental/ClasspathChanges$ClasspathSnapshotEnabled;.<clinit>()V> (0x000000008d1dffd8) 
thrown [s\open\src\hotspot\share\prims\jni.cpp, line 1111]
Event: 33.519 Thread 0x000002296af03470 Exception <a 'java/lang/NoSuchMethodError'{0x000000008d1e1e28}: static Lorg/jetbrains/kotlin/incremental/ClasspathChanges;.<clinit>()V> (0x000000008d1e1e28) 
thrown [s\open\src\hotspot\share\prims\jni.cpp, line 1111]
Event: 33.531 Thread 0x000002296af03470 Exception <a 'java/lang/NoSuchMethodError'{0x000000008d0b3ae0}: static Lorg/jetbrains/kotlin/gradle/report/GradleBuildMetricsReporter;.<clinit>()V> (0x000000008d0b3ae0) 
thrown [s\open\src\hotspot\share\prims\jni.cpp, line 1111]
Event: 33.532 Thread 0x000002296af03470 Exception <a 'java/lang/NoSuchMethodError'{0x000000008d0b6570}: static Lorg/jetbrains/kotlin/build/report/metrics/BuildMetricsReporterImpl;.<clinit>()V> (0x000000008d0b6570) 
thrown [s\open\src\hotspot\share\prims\jni.cpp, line 1111]
Event: 33.535 Thread 0x000002296af03470 Exception <a 'java/lang/NoSuchMethodError'{0x000000008d0ffa10}: static Lorg/jetbrains/kotlin/build/report/metrics/GcMetrics;.<clinit>()V> (0x000000008d0ffa10) 
thrown [s\open\src\hotspot\share\prims\jni.cpp, line 1111]
Event: 33.558 Thread 0x000002296af05bd0 Exception <a 'sun/nio/fs/WindowsException'{0x000000008ce79718}> (0x000000008ce79718) 
thrown [s\open\src\hotspot\share\prims\jni.cpp, line 520]
Event: 33.662 Thread 0x000002296ca279f0 Exception <a 'java/lang/NoSuchMethodError'{0x000000008c005d80}: 'long java.lang.invoke.DirectMethodHandle$Holder.invokeStatic(java.lang.Object)'> (0x000000008c005d80) 
thrown [s\open\src\hotspot\share\interpreter\linkResolver.cpp, line 773]
Event: 33.662 Thread 0x000002296ca279f0 Exception <a 'java/lang/NoSuchMethodError'{0x000000008c0090e0}: 'long java.lang.invoke.DirectMethodHandle$Holder.invokeStaticInit(java.lang.Object)'> (0x000000008c0090e0) 
thrown [s\open\src\hotspot\share\interpreter\linkResolver.cpp, line 773]
Event: 34.223 Thread 0x000002296ca279f0 Exception <a 'java/lang/NoSuchMethodError'{0x000000008d6eb638}: static Lorg/jetbrains/kotlin/daemon/common/LoopbackNetworkInterface$AbstractClientLoopbackSocketFactory;.<clinit>()V> (0x000000008d6eb638) 
thrown [s\open\src\hotspot\share\prims\jni.cpp, line 1111]
Event: 34.223 Thread 0x000002296ca279f0 Exception <a 'java/lang/NoSuchMethodError'{0x000000008d6f7868}: static Lorg/jetbrains/kotlin/daemon/common/LoopbackNetworkInterface$ClientLoopbackSocketFactory;.<clinit>()V> (0x000000008d6f7868) 
thrown [s\open\src\hotspot\share\prims\jni.cpp, line 1111]
Event: 34.336 Thread 0x000002296ca279f0 Exception <a 'java/lang/NoSuchMethodError'{0x000000008d5742c0}: static [Ljava/rmi/server/ObjID;.<clinit>()V> (0x000000008d5742c0) 
thrown [s\open\src\hotspot\share\prims\jni.cpp, line 1111]
Event: 34.342 Thread 0x000002296ca279f0 Exception <a 'java/lang/NoSuchMethodError'{0x000000008ca52c88}: static [B.<clinit>()V> (0x000000008ca52c88) 
thrown [s\open\src\hotspot\share\prims\jni.cpp, line 1111]
Event: 34.413 Thread 0x000002296ca29430 Exception <a 'java/lang/NoSuchMethodError'{0x000000008cd55318}: 'java.lang.Object java.lang.invoke.DirectMethodHandle$Holder.invokeSpecial(java.lang.Object, java.lang.Object, int, java.lang.Object, long)'> (0x000000008cd55318) 
thrown [s\open\src\hotspot\share\interpreter\linkResolver.cpp, line 773]
Event: 34.413 Thread 0x000002296ca29430 Exception <a 'java/lang/NoSuchMethodError'{0x000000008cd5bc60}: 'java.lang.Object java.lang.invoke.DirectMethodHandle$Holder.newInvokeSpecial(java.lang.Object, java.lang.Object, int, java.lang.Object, long)'> (0x000000008cd5bc60) 
thrown [s\open\src\hotspot\share\interpreter\linkResolver.cpp, line 773]
Event: 35.065 Thread 0x000002296ca279f0 Exception <a 'java/lang/NoSuchMethodError'{0x000000008d733288}: static Lorg/jetbrains/kotlin/daemon/common/CompileService$CallResult;.<clinit>()V> (0x000000008d733288) 
thrown [s\open\src\hotspot\share\prims\jni.cpp, line 1111]
Event: 35.066 Thread 0x000002296ca279f0 Exception <a 'java/lang/NoSuchMethodError'{0x000000008d73f518}: static Lorg/jetbrains/kotlin/daemon/common/CompileService$CallResult$Good;.<clinit>()V> (0x000000008d73f518) 
thrown [s\open\src\hotspot\share\prims\jni.cpp, line 1111]
Event: 35.067 Thread 0x000002296ca279f0 Exception <a 'java/lang/NoSuchMethodError'{0x000000008d74c7c0}: static Lorg/jetbrains/kotlin/daemon/common/DaemonJVMOptions;.<clinit>()V> (0x000000008d74c7c0) 
thrown [s\open\src\hotspot\share\prims\jni.cpp, line 1111]
Event: 35.080 Thread 0x000002296ca279f0 Exception <a 'java/lang/NoSuchMethodError'{0x000000008d7921e8}: static Lorg/jetbrains/kotlin/daemon/common/CompileService$CallResult$Ok;.<clinit>()V> (0x000000008d7921e8) 
thrown [s\open\src\hotspot\share\prims\jni.cpp, line 1111]

ZGC Phase Switch (0 events):
No events

VM Operations (20 events):
Event: 31.948 Executing VM operation: G1PauseRemark
Event: 31.958 Executing VM operation: G1PauseRemark done
Event: 32.052 Executing VM operation: G1PauseCleanup
Event: 32.052 Executing VM operation: G1PauseCleanup done
Event: 33.061 Executing VM operation: Cleanup
Event: 33.062 Executing VM operation: Cleanup done
Event: 33.335 Executing VM operation: G1CollectForAllocation (G1 Evacuation Pause)
Event: 33.349 Executing VM operation: G1CollectForAllocation (G1 Evacuation Pause) done
Event: 33.364 Executing VM operation: HandshakeAllThreads (Deoptimize)
Event: 33.364 Executing VM operation: HandshakeAllThreads (Deoptimize) done
Event: 34.074 Executing VM operation: HandshakeAllThreads (Deoptimize)
Event: 34.075 Executing VM operation: HandshakeAllThreads (Deoptimize) done
Event: 34.145 Executing VM operation: G1CollectForAllocation (G1 Evacuation Pause)
Event: 34.165 Executing VM operation: G1CollectForAllocation (G1 Evacuation Pause) done
Event: 34.423 Executing VM operation: HandshakeAllThreads (Deoptimize)
Event: 34.964 Executing VM operation: HandshakeAllThreads (Deoptimize) done
Event: 34.964 Executing VM operation: G1CollectForAllocation (G1 Evacuation Pause)
Event: 34.989 Executing VM operation: G1CollectForAllocation (G1 Evacuation Pause) done
Event: 35.255 Executing VM operation: G1PauseRemark
Event: 35.289 Executing VM operation: G1PauseRemark done

Events (20 events):
Event: 35.268 Thread 0x00000229239bacb0 flushing nmethod 0x00000229109da510
Event: 35.268 Thread 0x00000229239bacb0 flushing nmethod 0x0000022910a36b90
Event: 35.268 Thread 0x00000229239bacb0 flushing nmethod 0x0000022910aa7910
Event: 35.268 Thread 0x00000229239bacb0 flushing nmethod 0x0000022910aa7e10
Event: 35.268 Thread 0x00000229239bacb0 flushing nmethod 0x0000022910aa8490
Event: 35.268 Thread 0x00000229239bacb0 flushing nmethod 0x0000022910aac210
Event: 35.268 Thread 0x00000229239bacb0 flushing nmethod 0x0000022910ba2990
Event: 35.268 Thread 0x00000229239bacb0 flushing nmethod 0x0000022910fef410
Event: 35.268 Thread 0x00000229239bacb0 flushing nmethod 0x0000022910ffb690
Event: 35.268 Thread 0x00000229239bacb0 flushing nmethod 0x0000022911067490
Event: 35.268 Thread 0x00000229239bacb0 flushing nmethod 0x000002291117d810
Event: 35.268 Thread 0x00000229239bacb0 flushing nmethod 0x000002291117dd90
Event: 35.268 Thread 0x00000229239bacb0 flushing nmethod 0x0000022911369710
Event: 35.268 Thread 0x00000229239bacb0 flushing nmethod 0x00000229113a0a10
Event: 35.268 Thread 0x00000229239bacb0 flushing nmethod 0x00000229113a1110
Event: 35.268 Thread 0x00000229239bacb0 flushing nmethod 0x00000229113a1910
Event: 35.268 Thread 0x00000229239bacb0 flushing nmethod 0x00000229113a6890
Event: 35.268 Thread 0x00000229239bacb0 flushing nmethod 0x00000229113c3390
Event: 35.268 Thread 0x00000229239bacb0 flushing nmethod 0x00000229113d1310
Event: 35.268 Thread 0x00000229239bacb0 flushing nmethod 0x00000229113f7990


Dynamic libraries:
0x00007ff6bae00000 - 0x00007ff6bae10000 	C:\Program Files\Java\jdk-21\bin\java.exe
0x00007ffe78be0000 - 0x00007ffe78e47000 	C:\WINDOWS\SYSTEM32\ntdll.dll
0x00007ffe77a30000 - 0x00007ffe77af9000 	C:\WINDOWS\System32\KERNEL32.DLL
0x00007ffe75e00000 - 0x00007ffe761f0000 	C:\WINDOWS\System32\KERNELBASE.dll
0x00007ffe764c0000 - 0x00007ffe7660b000 	C:\WINDOWS\System32\ucrtbase.dll
0x00007ffe597b0000 - 0x00007ffe597c9000 	C:\Program Files\Java\jdk-21\bin\jli.dll
0x00007ffe76e40000 - 0x00007ffe76ef4000 	C:\WINDOWS\System32\ADVAPI32.dll
0x00007ffe78a40000 - 0x00007ffe78ae9000 	C:\WINDOWS\System32\msvcrt.dll
0x00007ffe771c0000 - 0x00007ffe77266000 	C:\WINDOWS\System32\sechost.dll
0x00007ffe77ca0000 - 0x00007ffe77db8000 	C:\WINDOWS\System32\RPCRT4.dll
0x00007ffe76ff0000 - 0x00007ffe771b5000 	C:\WINDOWS\System32\USER32.dll
0x00007ffe75d10000 - 0x00007ffe75d37000 	C:\WINDOWS\System32\win32u.dll
0x00007ffe77690000 - 0x00007ffe776bb000 	C:\WINDOWS\System32\GDI32.dll
0x00007ffe76380000 - 0x00007ffe764b8000 	C:\WINDOWS\System32\gdi32full.dll
0x00007ffe766b0000 - 0x00007ffe76753000 	C:\WINDOWS\System32\msvcp_win.dll
0x00007ffe596d0000 - 0x00007ffe596eb000 	C:\Program Files\Java\jdk-21\bin\VCRUNTIME140.dll
0x00007ffe5b4f0000 - 0x00007ffe5b78a000 	C:\WINDOWS\WinSxS\amd64_microsoft.windows.common-controls_6595b64144ccf1df_6.0.26100.4768_none_3e0c112ce331287c\COMCTL32.dll
0x00007ffe65620000 - 0x00007ffe6562b000 	C:\WINDOWS\SYSTEM32\VERSION.dll
0x00007ffe76d00000 - 0x00007ffe76d2f000 	C:\WINDOWS\System32\IMM32.DLL
0x00007ffe702e0000 - 0x00007ffe702ec000 	C:\Program Files\Java\jdk-21\bin\vcruntime140_1.dll
0x00007ffe19cc0000 - 0x00007ffe19d4e000 	C:\Program Files\Java\jdk-21\bin\msvcp140.dll
0x00007ffdbfeb0000 - 0x00007ffdc0bca000 	C:\Program Files\Java\jdk-21\bin\server\jvm.dll
0x00007ffe77610000 - 0x00007ffe77684000 	C:\WINDOWS\System32\WS2_32.dll
0x00007ffe75ae0000 - 0x00007ffe75b3e000 	C:\WINDOWS\SYSTEM32\POWRPROF.dll
0x00007ffe6d8b0000 - 0x00007ffe6d8e5000 	C:\WINDOWS\SYSTEM32\WINMM.dll
0x00007ffe75ac0000 - 0x00007ffe75ad4000 	C:\WINDOWS\SYSTEM32\UMPDC.dll
0x00007ffe74a00000 - 0x00007ffe74a1b000 	C:\WINDOWS\SYSTEM32\kernel.appcore.dll
0x00007ffe58e50000 - 0x00007ffe58e5a000 	C:\Program Files\Java\jdk-21\bin\jimage.dll
0x00007ffe73280000 - 0x00007ffe734c1000 	C:\WINDOWS\SYSTEM32\DBGHELP.DLL
0x00007ffe76970000 - 0x00007ffe76cf5000 	C:\WINDOWS\System32\combase.dll
0x00007ffe77520000 - 0x00007ffe77600000 	C:\WINDOWS\System32\OLEAUT32.dll
0x00007ffe51920000 - 0x00007ffe51963000 	C:\WINDOWS\SYSTEM32\dbgcore.DLL
0x00007ffe76610000 - 0x00007ffe766a9000 	C:\WINDOWS\System32\bcryptPrimitives.dll
0x00007ffe4fb00000 - 0x00007ffe4fb0f000 	C:\Program Files\Java\jdk-21\bin\instrument.dll
0x00007ffe58320000 - 0x00007ffe5833f000 	C:\Program Files\Java\jdk-21\bin\java.dll
0x00007ffe782f0000 - 0x00007ffe78a3d000 	C:\WINDOWS\System32\SHELL32.dll
0x00007ffe76200000 - 0x00007ffe76373000 	C:\WINDOWS\System32\wintypes.dll
0x00007ffe73840000 - 0x00007ffe740a0000 	C:\WINDOWS\SYSTEM32\windows.storage.dll
0x00007ffe76d40000 - 0x00007ffe76e35000 	C:\WINDOWS\System32\SHCORE.dll
0x00007ffe76f80000 - 0x00007ffe76fea000 	C:\WINDOWS\System32\shlwapi.dll
0x00007ffe75c30000 - 0x00007ffe75c59000 	C:\WINDOWS\SYSTEM32\profapi.dll
0x00007ffe4fcb0000 - 0x00007ffe4fcc8000 	C:\Program Files\Java\jdk-21\bin\zip.dll
0x00007ffe134e0000 - 0x00007ffe135b7000 	C:\Program Files\Java\jdk-21\bin\jsvml.dll
0x00007ffe583d0000 - 0x00007ffe583e0000 	C:\Program Files\Java\jdk-21\bin\net.dll
0x00007ffe65710000 - 0x00007ffe6582e000 	C:\WINDOWS\SYSTEM32\WINHTTP.dll
0x00007ffe74f90000 - 0x00007ffe74ffb000 	C:\WINDOWS\system32\mswsock.dll
0x00007ffe555d0000 - 0x00007ffe555e6000 	C:\Program Files\Java\jdk-21\bin\nio.dll
0x00007ffe58310000 - 0x00007ffe58320000 	C:\Program Files\Java\jdk-21\bin\verify.dll
0x00007ffde7350000 - 0x00007ffde7377000 	C:\Users\np818\.gradle\native\1def1411415f61bf3af743bc5b6707747c0891f09f0c88961ee8f79bc544acac\windows-amd64\native-platform.dll
0x00007ffe51050000 - 0x00007ffe510c8000 	C:\Users\np818\.gradle\native\0.2.7\x86_64-windows-gnu\gradle-fileevents.dll
0x00007ffe55640000 - 0x00007ffe5564a000 	C:\Program Files\Java\jdk-21\bin\management.dll
0x00007ffe51400000 - 0x00007ffe5140b000 	C:\Program Files\Java\jdk-21\bin\management_ext.dll
0x00007ffe77e40000 - 0x00007ffe77e48000 	C:\WINDOWS\System32\PSAPI.DLL
0x00007ffe74420000 - 0x00007ffe74453000 	C:\WINDOWS\SYSTEM32\IPHLPAPI.DLL
0x00007ffe77b90000 - 0x00007ffe77b9a000 	C:\WINDOWS\System32\NSI.dll
0x00007ffe4fc80000 - 0x00007ffe4fc89000 	C:\Program Files\Java\jdk-21\bin\extnet.dll
0x00007ffe75250000 - 0x00007ffe7526b000 	C:\WINDOWS\SYSTEM32\CRYPTSP.dll
0x00007ffe74960000 - 0x00007ffe7499b000 	C:\WINDOWS\system32\rsaenh.dll
0x00007ffe75030000 - 0x00007ffe7505b000 	C:\WINDOWS\SYSTEM32\USERENV.dll
0x00007ffe75c00000 - 0x00007ffe75c26000 	C:\WINDOWS\SYSTEM32\bcrypt.dll
0x00007ffe75270000 - 0x00007ffe7527c000 	C:\WINDOWS\SYSTEM32\CRYPTBASE.dll
0x00007ffe4e8e0000 - 0x00007ffe4e8ee000 	C:\Program Files\Java\jdk-21\bin\sunmscapi.dll
0x00007ffe767f0000 - 0x00007ffe76967000 	C:\WINDOWS\System32\CRYPT32.dll
0x00007ffe75470000 - 0x00007ffe754a0000 	C:\WINDOWS\SYSTEM32\ncrypt.dll
0x00007ffe75420000 - 0x00007ffe7545f000 	C:\WINDOWS\SYSTEM32\NTASN1.dll
0x00007ffdf62f0000 - 0x00007ffdf62f8000 	C:\WINDOWS\system32\wshunix.dll
0x00007ffe45af0000 - 0x00007ffe45b08000 	C:\WINDOWS\system32\napinsp.dll
0x00007ffe744c0000 - 0x00007ffe745e6000 	C:\WINDOWS\SYSTEM32\DNSAPI.dll
0x00007ffe071f0000 - 0x00007ffe07202000 	C:\WINDOWS\System32\winrnr.dll
0x00007ffe072a0000 - 0x00007ffe072d0000 	C:\WINDOWS\system32\nlansp_c.dll
0x00007ffe43370000 - 0x00007ffe43390000 	C:\WINDOWS\system32\wshbth.dll
0x00007ffe64670000 - 0x00007ffe6467b000 	C:\Windows\System32\rasadhlp.dll
0x00007ffe66c00000 - 0x00007ffe66c86000 	C:\WINDOWS\System32\fwpuclnt.dll
0x00007ffe4cae0000 - 0x00007ffe4cae7000 	C:\Program Files\Java\jdk-21\bin\rmi.dll

dbghelp: loaded successfully - version: 4.0.5 - missing functions: none
symbol engine: initialized successfully - sym options: 0x614 - pdb path: .;C:\Program Files\Java\jdk-21\bin;C:\WINDOWS\SYSTEM32;C:\WINDOWS\WinSxS\amd64_microsoft.windows.common-controls_6595b64144ccf1df_6.0.26100.4768_none_3e0c112ce331287c;C:\Program Files\Java\jdk-21\bin\server;C:\Users\np818\.gradle\native\1def1411415f61bf3af743bc5b6707747c0891f09f0c88961ee8f79bc544acac\windows-amd64;C:\Users\np818\.gradle\native\0.2.7\x86_64-windows-gnu

VM Arguments:
jvm_args: --add-opens=java.base/java.lang=ALL-UNNAMED --add-opens=java.base/java.lang.invoke=ALL-UNNAMED --add-opens=java.base/java.util=ALL-UNNAMED --add-opens=java.prefs/java.util.prefs=ALL-UNNAMED --add-exports=jdk.compiler/com.sun.tools.javac.api=ALL-UNNAMED --add-exports=jdk.compiler/com.sun.tools.javac.util=ALL-UNNAMED --add-opens=java.base/java.util=ALL-UNNAMED --add-opens=java.prefs/java.util.prefs=ALL-UNNAMED --add-opens=java.base/java.nio.charset=ALL-UNNAMED --add-opens=java.base/java.net=ALL-UNNAMED --add-opens=java.base/java.util.concurrent.atomic=ALL-UNNAMED --add-opens=java.xml/javax.xml.namespace=ALL-UNNAMED -Xmx2048m -Dfile.encoding=UTF-8 -Duser.country=IN -Duser.language=en -Duser.variant -javaagent:C:\Users\np818\.gradle\wrapper\dists\gradle-8.13-bin\5xuhj0ry160q40clulazy9h7d\gradle-8.13\lib\agents\gradle-instrumentation-agent-8.13.jar 
java_command: org.gradle.launcher.daemon.bootstrap.GradleDaemon 8.13
java_class_path (initial): C:\Users\np818\.gradle\wrapper\dists\gradle-8.13-bin\5xuhj0ry160q40clulazy9h7d\gradle-8.13\lib\gradle-daemon-main-8.13.jar
Launcher Type: SUN_STANDARD

[Global flags]
     intx CICompilerCount                          = 3                                         {product} {ergonomic}
     uint ConcGCThreads                            = 1                                         {product} {ergonomic}
     uint G1ConcRefinementThreads                  = 4                                         {product} {ergonomic}
   size_t G1HeapRegionSize                         = 1048576                                   {product} {ergonomic}
    uintx GCDrainStackTargetSize                   = 64                                        {product} {ergonomic}
   size_t InitialHeapSize                          = 130023424                                 {product} {ergonomic}
   size_t MarkStackSize                            = 4194304                                   {product} {ergonomic}
   size_t MaxHeapSize                              = 2147483648                                {product} {command line}
   size_t MaxNewSize                               = 1287651328                                {product} {ergonomic}
   size_t MinHeapDeltaBytes                        = 1048576                                   {product} {ergonomic}
   size_t MinHeapSize                              = 8388608                                   {product} {ergonomic}
    uintx NonNMethodCodeHeapSize                   = 5832780                                {pd product} {ergonomic}
    uintx NonProfiledCodeHeapSize                  = 122912730                              {pd product} {ergonomic}
    uintx ProfiledCodeHeapSize                     = 122912730                              {pd product} {ergonomic}
    uintx ReservedCodeCacheSize                    = 251658240                              {pd product} {ergonomic}
     bool SegmentedCodeCache                       = true                                      {product} {ergonomic}
   size_t SoftMaxHeapSize                          = 2147483648                             {manageable} {ergonomic}
     bool UseCompressedOops                        = true                           {product lp64_product} {ergonomic}
     bool UseG1GC                                  = true                                      {product} {ergonomic}
     bool UseLargePagesIndividualAllocation        = false                                  {pd product} {ergonomic}

Logging:
Log output configuration:
 #0: stdout all=warning uptime,level,tags foldmultilines=false
 #1: stderr all=off uptime,level,tags foldmultilines=false

Environment Variables:
CLASSPATH=C:\Users\np818\AndroidStudioProjects\banniguard\\gradle\wrapper\gradle-wrapper.jar
PATH=C:\Program Files\Common Files\Oracle\Java\javapath;C:\WINDOWS\system32;C:\WINDOWS;C:\WINDOWS\System32\Wbem;C:\WINDOWS\System32\WindowsPowerShell\v1.0\;C:\WINDOWS\System32\OpenSSH\;C:\Program Files\nodejs\;C:\Program Files\Git\cmd;C:\Program Files\Void\bin;C:\Users\np818\AppData\Local\Programs\Python\Python312\Scripts\;C:\Users\np818\AppData\Local\Programs\Python\Python312\;C:\Users\np818\AppData\Local\Programs\Python\Launcher\;C:\Users\np818\AppData\Local\Microsoft\WindowsApps;C:\Users\np818\AppData\Roaming\npm;C:\Users\np818\AppData\Local\Programs\Windsurf\bin;C:\Users\np818\AppData\Local\Programs\cursor\resources\app\bin;C:\Users\np818\AppData\Local\Programs\Microsoft VS Code\bin
USERNAME=np818
OS=Windows_NT
PROCESSOR_IDENTIFIER=Intel64 Family 6 Model 140 Stepping 1, GenuineIntel
TMP=C:\Users\np818\AppData\Local\Temp
TEMP=C:\Users\np818\AppData\Local\Temp




Periodic native trim disabled

---------------  S Y S T E M  ---------------

OS:
 Windows 11 , 64 bit Build 26100 (10.0.26100.4768)
OS uptime: 1 days 3:17 hours
Hyper-V role detected

CPU: total 4 (initial active 4) (2 cores per cpu, 2 threads per core) family 6 model 140 stepping 1 microcode 0xb4, cx8, cmov, fxsr, ht, mmx, 3dnowpref, sse, sse2, sse3, ssse3, sse4.1, sse4.2, popcnt, lzcnt, tsc, tscinvbit, avx, avx2, aes, erms, clmul, bmi1, bmi2, adx, avx512f, avx512dq, avx512cd, avx512bw, avx512vl, sha, fma, vzeroupper, avx512_vpopcntdq, avx512_vpclmulqdq, avx512_vaes, avx512_vnni, clflush, clflushopt, clwb, avx512_vbmi2, avx512_vbmi, hv, rdtscp, rdpid, fsrm, gfni, avx512_bitalg, f16c, cet_ibt, cet_ss, avx512_ifma
Processor Information for all 4 processors :
  Max Mhz: 2901, Current Mhz: 2901, Mhz Limit: 2901

Memory: 4k page, system-wide physical 7834M (600M free)
TotalPageFile size 31386M (AvailPageFile size 8M)
current process WorkingSet (physical memory assigned to process): 534M, peak: 534M
current process commit charge ("private bytes"): 577M, peak: 577M

vm_info: Java HotSpot(TM) 64-Bit Server VM (21.0.7+8-LTS-245) for windows-amd64 JRE (21.0.7+8-LTS-245), built on 2025-02-21T05:11:27Z by "mach5one" with MS VC++ 17.6 (VS2022)

END.
